This is pdfTeX, Version 3.1415926-2.5-1.40.14 (MiKTeX 2.9) (preloaded format=pdflatex 2014.9.10)  22 SEP 2014 17:29
entering extended mode
**tesis.tex
(C:\Users\snow\Dropbox\tesis\tesis2014\git\tesis\tesis.tex
LaTeX2e <2011/06/27>
Babel <v3.8m> and hyphenation patterns for english, afrikaans, ancientgreek, ar
abic, armenian, assamese, basque, bengali, bokmal, bulgarian, catalan, coptic, 
croatian, czech, danish, dutch, esperanto, estonian, farsi, finnish, french, ga
lician, german, german-x-2013-05-26, greek, gujarati, hindi, hungarian, iceland
ic, indonesian, interlingua, irish, italian, kannada, kurmanji, latin, latvian,
 lithuanian, malayalam, marathi, mongolian, mongolianlmc, monogreek, ngerman, n
german-x-2013-05-26, nynorsk, oriya, panjabi, pinyin, polish, portuguese, roman
ian, russian, sanskrit, serbian, slovak, slovenian, spanish, swedish, swissgerm
an, tamil, telugu, turkish, turkmen, ukenglish, ukrainian, uppersorbian, usengl
ishmax, welsh, loaded.
(C:\Users\snow\Downloads\miketext\tex\latex\koma-script\scrbook.cls
Document Class: scrbook 2013/12/19 v3.12 KOMA-Script document class (book)
(C:\Users\snow\Downloads\miketext\tex\latex\koma-script\scrkbase.sty
Package: scrkbase 2013/12/19 v3.12 KOMA-Script package (KOMA-Script-dependent b
asics and keyval usage)

(C:\Users\snow\Downloads\miketext\tex\latex\koma-script\scrbase.sty
Package: scrbase 2013/12/19 v3.12 KOMA-Script package (KOMA-Script-independent 
basics and keyval usage)

(C:\Users\snow\Downloads\miketext\tex\latex\graphics\keyval.sty
Package: keyval 1999/03/16 v1.13 key=value parser (DPC)
\KV@toks@=\toks14
)
(C:\Users\snow\Downloads\miketext\tex\latex\koma-script\scrlfile.sty
Package: scrlfile 2013/12/19 v3.12 KOMA-Script package (loading files)

Package scrlfile, 2013/12/19 v3.12 KOMA-Script package (loading files)
                  Copyright (C) Markus Kohm

))) (C:\Users\snow\Downloads\miketext\tex\latex\koma-script\tocbasic.sty
Package: tocbasic 2013/12/19 v3.12 KOMA-Script package (handling toc-files)
)
Package tocbasic Info: omitting babel extension for `toc'
(tocbasic)             because of feature `nobabel' available
(tocbasic)             for `toc' on input line 117.
Package tocbasic Info: omitting babel extension for `lof'
(tocbasic)             because of feature `nobabel' available
(tocbasic)             for `lof' on input line 118.
Package tocbasic Info: omitting babel extension for `lot'
(tocbasic)             because of feature `nobabel' available
(tocbasic)             for `lot' on input line 119.
Package tocbasic Info: defining new hook before heading of `' on input line 111
8.
Package scrbook Info: You've used standard option `10pt'.
(scrbook)             This is correct!
(scrbook)             Internally I'm using `fontsize=10pt'.
(scrbook)             If you'd like to set the option with \KOMAoptions,
(scrbook)             you'd have to use `fontsize=10pt' there
(scrbook)             instead of `10pt', too.
Class scrbook Info: File `scrsize10pt.clo' used to setup font sizes on input li
ne 1655.

(C:\Users\snow\Downloads\miketext\tex\latex\koma-script\scrsize10pt.clo
File: scrsize10pt.clo 2013/12/19 v3.12 KOMA-Script font size class option (10pt
)
)
(C:\Users\snow\Downloads\miketext\tex\latex\koma-script\typearea.sty
Package: typearea 2013/12/19 v3.12 KOMA-Script package (type area)

Package typearea, 2013/12/19 v3.12 KOMA-Script package (type area)
                  Copyright (C) Frank Neukam, 1992-1994
                  Copyright (C) Markus Kohm, 1994-

\ta@bcor=\skip41
\ta@div=\count79
\ta@hblk=\skip42
\ta@vblk=\skip43
\ta@temp=\skip44
\footheight=\skip45
Package typearea Info: These are the values describing the layout:
(typearea)             DIV  = 8
(typearea)             BCOR = 0.0pt
(typearea)             \paperwidth      = 597.50793pt
(typearea)              \textwidth      = 373.44246pt
(typearea)              DIV departure   = -4%
(typearea)              \evensidemargin = 77.107pt
(typearea)              \oddsidemargin  = 2.4185pt
(typearea)             \paperheight     = 845.04694pt
(typearea)              \textheight     = 538.0pt
(typearea)              \topmargin      = 0.36087pt
(typearea)              \headheight     = 15.0pt
(typearea)              \headsep        = 18.0pt
(typearea)              \topskip        = 10.0pt
(typearea)              \footskip       = 42.0pt
(typearea)              \baselineskip   = 12.0pt
(typearea)              on input line 1330.
)
\c@part=\count80
\c@chapter=\count81
\c@section=\count82
\c@subsection=\count83
\c@subsubsection=\count84
\c@paragraph=\count85
\c@subparagraph=\count86
\abovecaptionskip=\skip46
\belowcaptionskip=\skip47
\c@pti@nb@sid@b@x=\box26
\c@figure=\count87
\c@table=\count88
\bibindent=\dimen102
)
Package typearea Info: These are the values describing the layout:
(typearea)             DIV  = 8
(typearea)             BCOR = 34.1433pt
(typearea)             \paperwidth      = 597.50793pt
(typearea)              \textwidth      = 352.1029pt
(typearea)              DIV departure   = 0%
(typearea)              \evensidemargin = 68.57117pt
(typearea)              \oddsidemargin  = 32.29388pt
(typearea)             \paperheight     = 845.04694pt
(typearea)              \textheight     = 538.0pt
(typearea)              \topmargin      = 0.36087pt
(typearea)              \headheight     = 15.0pt
(typearea)              \headsep        = 18.0pt
(typearea)              \topskip        = 10.0pt
(typearea)              \footskip       = 42.0pt
(typearea)              \baselineskip   = 12.0pt
(typearea)              on input line 66.
Package scrbase Info: Unknown processing state.
(scrbase)             Processing option `BCOR=12mm'
(scrbase)             of member `.typearea.sty'
(scrbase)             of family `KOMA'
(scrbase)             doesn't set a valid state.
(scrbase)             This will be interpreted
(scrbase)             as \FamilyKeyStateProcessed on input line 66.
Class scrbook Info: File `scrsize11pt.clo' used to setup font sizes on input li
ne 66.
 (C:\Users\snow\Downloads\miketext\tex\latex\koma-script\scrsize11pt.clo
File: scrsize11pt.clo 2013/12/19 v3.12 KOMA-Script font size class option (11pt
)
)
DIV calculation for typearea with good linewidth.
Package typearea Info: These are the values describing the layout:
(typearea)             DIV  = 14
(typearea)             BCOR = 17.07164pt
(typearea)             \paperwidth      = 478.80305pt
(typearea)              \textwidth      = 362.789pt
(typearea)              DIV departure   = 0%
(typearea)              \evensidemargin = -6.30838pt
(typearea)              \oddsidemargin  = -22.21754pt
(typearea)             \paperheight     = 739.77165pt
(typearea)              \textheight     = 487.00021pt
(typearea)              \topmargin      = -19.42917pt
(typearea)              \headheight     = 34.00002pt
(typearea)              \headsep        = 20.40001pt
(typearea)              \topskip        = 11.0pt
(typearea)              \footskip       = 47.6pt
(typearea)              \baselineskip   = 13.6pt
(typearea)              on input line 71.
(C:\Users\snow\Dropbox\tesis\tesis2014\git\tesis\minted.sty
Package: minted 2011/09/17 v1.7 Yet another Pygments shim for LaTeX

(C:\Users\snow\Downloads\miketext\tex\latex\fancyvrb\fancyvrb.sty
Package: fancyvrb 2008/02/07

Style option: `fancyvrb' v2.7a, with DG/SPQR fixes, and firstline=lastline fix 
<2008/02/07> (tvz)
\FV@CodeLineNo=\count89
\FV@InFile=\read1
\FV@TabBox=\box27
\c@FancyVerbLine=\count90
\FV@StepNumber=\count91
\FV@OutFile=\write3
)
(C:\Users\snow\Downloads\miketext\tex\latex\xcolor\xcolor.sty
Package: xcolor 2007/01/21 v2.11 LaTeX color extensions (UK)

(C:\Users\snow\Downloads\miketext\tex\latex\00miktex\color.cfg
File: color.cfg 2007/01/18 v1.5 color configuration of teTeX/TeXLive
)
Package xcolor Info: Driver file: pdftex.def on input line 225.

(C:\Users\snow\Downloads\miketext\tex\latex\pdftex-def\pdftex.def
File: pdftex.def 2011/05/27 v0.06d Graphics/color for pdfTeX

(C:\Users\snow\Downloads\miketext\tex\generic\oberdiek\infwarerr.sty
Package: infwarerr 2010/04/08 v1.3 Providing info/warning/error messages (HO)
)
(C:\Users\snow\Downloads\miketext\tex\generic\oberdiek\ltxcmds.sty
Package: ltxcmds 2011/11/09 v1.22 LaTeX kernel commands for general use (HO)
)
\Gread@gobject=\count92
)
Package xcolor Info: Model `cmy' substituted by `cmy0' on input line 1337.
Package xcolor Info: Model `hsb' substituted by `rgb' on input line 1341.
Package xcolor Info: Model `RGB' extended on input line 1353.
Package xcolor Info: Model `HTML' substituted by `rgb' on input line 1355.
Package xcolor Info: Model `Hsb' substituted by `hsb' on input line 1356.
Package xcolor Info: Model `tHsb' substituted by `hsb' on input line 1357.
Package xcolor Info: Model `HSB' substituted by `hsb' on input line 1358.
Package xcolor Info: Model `Gray' substituted by `gray' on input line 1359.
Package xcolor Info: Model `wave' substituted by `hsb' on input line 1360.
)
(C:\Users\snow\Downloads\miketext\tex\latex\float\float.sty
Package: float 2001/11/08 v1.3d Float enhancements (AL)
\c@float@type=\count93
\float@exts=\toks15
\float@box=\box28
\@float@everytoks=\toks16
\@floatcapt=\box29
)
(C:\Users\snow\Downloads\miketext\tex\latex\base\ifthen.sty
Package: ifthen 2001/05/26 v1.1c Standard LaTeX ifthen package (DPC)
)
(C:\Users\snow\Downloads\miketext\tex\latex\tools\calc.sty
Package: calc 2007/08/22 v4.3 Infix arithmetic (KKT,FJ)
\calc@Acount=\count94
\calc@Bcount=\count95
\calc@Adimen=\dimen103
\calc@Bdimen=\dimen104
\calc@Askip=\skip48
\calc@Bskip=\skip49
LaTeX Info: Redefining \setlength on input line 76.
LaTeX Info: Redefining \addtolength on input line 77.
\calc@Ccount=\count96
\calc@Cskip=\skip50
)
(C:\Users\snow\Downloads\miketext\tex\latex\ifplatform\ifplatform.sty
Package: ifplatform 2010/10/22 v0.4 Testing for the operating system

(C:\Users\snow\Downloads\miketext\tex\generic\oberdiek\pdftexcmds.sty
Package: pdftexcmds 2011/11/29 v0.20 Utility functions of pdfTeX for LuaTeX (HO
)

(C:\Users\snow\Downloads\miketext\tex\generic\oberdiek\ifluatex.sty
Package: ifluatex 2010/03/01 v1.3 Provides the ifluatex switch (HO)
Package ifluatex Info: LuaTeX not detected.
)
(C:\Users\snow\Downloads\miketext\tex\generic\oberdiek\ifpdf.sty
Package: ifpdf 2011/01/30 v2.3 Provides the ifpdf switch (HO)
Package ifpdf Info: pdfTeX in PDF mode is detected.
)
Package pdftexcmds Info: LuaTeX not detected.
Package pdftexcmds Info: \pdf@primitive is available.
Package pdftexcmds Info: \pdf@ifprimitive is available.
Package pdftexcmds Info: \pdfdraftmode found.
)
(C:\Users\snow\Downloads\miketext\tex\generic\oberdiek\catchfile.sty
Package: catchfile 2011/03/01 v1.6 Catch the contents of a file (HO)

(C:\Users\snow\Downloads\miketext\tex\generic\oberdiek\etexcmds.sty
Package: etexcmds 2011/02/16 v1.5 Avoid name clashes with e-TeX commands (HO)
Package etexcmds Info: Could not find \expanded.
(etexcmds)             That can mean that you are not using pdfTeX 1.50 or
(etexcmds)             that some package has redefined \expanded.
(etexcmds)             In the latter case, load this package earlier.
)))
\minted@bgbox=\box30
\minted@code=\write4
\@float@every@listing=\toks17
\c@listing=\count97
)
runsystem(del tesis.aex)...executed.

runsystem(for ^%i in (pygmentize.exe pygmentize.bat pygmentize.cmd) do set >tes
is.aex <nul: /p x=^%~$PATH:i>>tesis.aex)...executed.

\@appexistsfile=\read2
runsystem(del tesis.aex)...executed.


file deleted
(C:\Users\snow\Downloads\miketext\tex\latex\base\inputenc.sty
Package: inputenc 2008/03/30 v1.1d Input encoding file
\inpenc@prehook=\toks18
\inpenc@posthook=\toks19

(C:\Users\snow\Downloads\miketext\tex\latex\base\latin1.def
File: latin1.def 2008/03/30 v1.1d Input encoding file
))
(C:\Users\snow\Downloads\miketext\tex\latex\babel\babel.sty
Package: babel 2014/03/24 3.9k The Babel package

(C:\Users\snow\Downloads\miketext\tex\latex\babel\switch.def
File: switch.def 2014/03/24 3.9k Babel switching mechanism
)
*************************************
* Local config file bblopts.cfg used
*
(C:\Users\snow\Downloads\miketext\tex\latex\00miktex\bblopts.cfg
File: bblopts.cfg 2006/07/31 v1.0 MiKTeX 'babel' configuration
)
(C:\Users\snow\Downloads\miketext\tex\latex\babel-spanish\spanish.ldf
Language: spanish.ldf 2014/04/24 v5.0n Spanish support from the babel system

(C:\Users\snow\Downloads\miketext\tex\latex\babel\babel.def
File: babel.def 2014/03/24 3.9k Babel common definitions

(C:\Users\snow\Downloads\miketext\tex\generic\config\language.def)
\babel@savecnt=\count98
\U@D=\dimen105
)
\es@quottoks=\toks20
\es@quotdepth=\count99
Package babel Info: Making " an active character on input line 516.
Package babel Info: Making < an active character on input line 662.
Package babel Info: Making > an active character on input line 662.
)
(C:\Users\snow\Downloads\miketext\tex\latex\babel-german\ngerman.ldf
Language: ngerman 2013/12/13 v2.7 German support for babel (new orthography)

(C:\Users\snow\Downloads\miketext\tex\latex\babel-german\ngermanb.ldf
Language: ngermanb 2013/12/13 v2.7 German support for babel (new orthography)
\l@naustrian = a dialect from \language\l@ngerman 
\l@nswissgerman = a dialect from \language\l@ngerman 
))
(C:\Users\snow\Downloads\miketext\tex\latex\babel-english\english.ldf
Language: english 2012/08/20 v3.3p English support from the babel system
\l@canadian = a dialect from \language\l@american 
\l@australian = a dialect from \language\l@british 
\l@newzealand = a dialect from \language\l@british 
)
(C:\Users\snow\Downloads\miketext\tex\latex\babel-english\english.ldf
Language: english 2012/08/20 v3.3p English support from the babel system
))

Package Babel Warning: The package option `english' should not be used
(Babel)                with a more specific one (like `american') on input line
 113.

(C:\Users\snow\Downloads\miketext\tex\latex\natbib\natbib.sty
Package: natbib 2010/09/13 8.31b (PWD, AO)
\bibhang=\skip51
\bibsep=\skip52
LaTeX Info: Redefining \cite on input line 694.
\c@NAT@ctr=\count100
)
(C:\Users\snow\Downloads\miketext\tex\latex\babelbib\babelbib.sty
Package: babelbib 2012/01/03 v1.31 babelbib: multilingual bibliographies (HH)

(C:\Users\snow\Downloads\miketext\tex\latex\babelbib\spanish.bdf
File: spanish.bdf 2012/01/03 v1.31 babelbib: multilingual bibliographies (HH)
)
\c@btxromaniannumeral=\count101
)
(C:\Users\snow\Downloads\miketext\tex\latex\base\fontenc.sty
Package: fontenc 2005/09/27 v1.99g Standard LaTeX package

(C:\Users\snow\Downloads\miketext\tex\latex\base\t1enc.def
File: t1enc.def 2005/09/27 v1.99g Standard LaTeX file
LaTeX Font Info:    Redeclaring font encoding T1 on input line 43.
))
(C:\Users\snow\Downloads\miketext\tex\latex\base\textcomp.sty
Package: textcomp 2005/09/27 v1.99g Standard LaTeX package
Package textcomp Info: Sub-encoding information:
(textcomp)               5 = only ISO-Adobe without \textcurrency
(textcomp)               4 = 5 + \texteuro
(textcomp)               3 = 4 + \textohm
(textcomp)               2 = 3 + \textestimated + \textcurrency
(textcomp)               1 = TS1 - \textcircled - \t
(textcomp)               0 = TS1 (full)
(textcomp)             Font families with sub-encoding setting implement
(textcomp)             only a restricted character set as indicated.
(textcomp)             Family '?' is the default used for unknown fonts.
(textcomp)             See the documentation for details.
Package textcomp Info: Setting ? sub-encoding to TS1/1 on input line 71.

(C:\Users\snow\Downloads\miketext\tex\latex\base\ts1enc.def
File: ts1enc.def 2001/06/05 v3.0e (jk/car/fm) Standard LaTeX file
)
LaTeX Info: Redefining \oldstylenums on input line 266.
Package textcomp Info: Setting cmr sub-encoding to TS1/0 on input line 281.
Package textcomp Info: Setting cmss sub-encoding to TS1/0 on input line 282.
Package textcomp Info: Setting cmtt sub-encoding to TS1/0 on input line 283.
Package textcomp Info: Setting cmvtt sub-encoding to TS1/0 on input line 284.
Package textcomp Info: Setting cmbr sub-encoding to TS1/0 on input line 285.
Package textcomp Info: Setting cmtl sub-encoding to TS1/0 on input line 286.
Package textcomp Info: Setting ccr sub-encoding to TS1/0 on input line 287.
Package textcomp Info: Setting ptm sub-encoding to TS1/4 on input line 288.
Package textcomp Info: Setting pcr sub-encoding to TS1/4 on input line 289.
Package textcomp Info: Setting phv sub-encoding to TS1/4 on input line 290.
Package textcomp Info: Setting ppl sub-encoding to TS1/3 on input line 291.
Package textcomp Info: Setting pag sub-encoding to TS1/4 on input line 292.
Package textcomp Info: Setting pbk sub-encoding to TS1/4 on input line 293.
Package textcomp Info: Setting pnc sub-encoding to TS1/4 on input line 294.
Package textcomp Info: Setting pzc sub-encoding to TS1/4 on input line 295.
Package textcomp Info: Setting bch sub-encoding to TS1/4 on input line 296.
Package textcomp Info: Setting put sub-encoding to TS1/5 on input line 297.
Package textcomp Info: Setting uag sub-encoding to TS1/5 on input line 298.
Package textcomp Info: Setting ugq sub-encoding to TS1/5 on input line 299.
Package textcomp Info: Setting ul8 sub-encoding to TS1/4 on input line 300.
Package textcomp Info: Setting ul9 sub-encoding to TS1/4 on input line 301.
Package textcomp Info: Setting augie sub-encoding to TS1/5 on input line 302.
Package textcomp Info: Setting dayrom sub-encoding to TS1/3 on input line 303.
Package textcomp Info: Setting dayroms sub-encoding to TS1/3 on input line 304.

Package textcomp Info: Setting pxr sub-encoding to TS1/0 on input line 305.
Package textcomp Info: Setting pxss sub-encoding to TS1/0 on input line 306.
Package textcomp Info: Setting pxtt sub-encoding to TS1/0 on input line 307.
Package textcomp Info: Setting txr sub-encoding to TS1/0 on input line 308.
Package textcomp Info: Setting txss sub-encoding to TS1/0 on input line 309.
Package textcomp Info: Setting txtt sub-encoding to TS1/0 on input line 310.
Package textcomp Info: Setting lmr sub-encoding to TS1/0 on input line 311.
Package textcomp Info: Setting lmdh sub-encoding to TS1/0 on input line 312.
Package textcomp Info: Setting lmss sub-encoding to TS1/0 on input line 313.
Package textcomp Info: Setting lmssq sub-encoding to TS1/0 on input line 314.
Package textcomp Info: Setting lmvtt sub-encoding to TS1/0 on input line 315.
Package textcomp Info: Setting qhv sub-encoding to TS1/0 on input line 316.
Package textcomp Info: Setting qag sub-encoding to TS1/0 on input line 317.
Package textcomp Info: Setting qbk sub-encoding to TS1/0 on input line 318.
Package textcomp Info: Setting qcr sub-encoding to TS1/0 on input line 319.
Package textcomp Info: Setting qcs sub-encoding to TS1/0 on input line 320.
Package textcomp Info: Setting qpl sub-encoding to TS1/0 on input line 321.
Package textcomp Info: Setting qtm sub-encoding to TS1/0 on input line 322.
Package textcomp Info: Setting qzc sub-encoding to TS1/0 on input line 323.
Package textcomp Info: Setting qhvc sub-encoding to TS1/0 on input line 324.
Package textcomp Info: Setting futs sub-encoding to TS1/4 on input line 325.
Package textcomp Info: Setting futx sub-encoding to TS1/4 on input line 326.
Package textcomp Info: Setting futj sub-encoding to TS1/4 on input line 327.
Package textcomp Info: Setting hlh sub-encoding to TS1/3 on input line 328.
Package textcomp Info: Setting hls sub-encoding to TS1/3 on input line 329.
Package textcomp Info: Setting hlst sub-encoding to TS1/3 on input line 330.
Package textcomp Info: Setting hlct sub-encoding to TS1/5 on input line 331.
Package textcomp Info: Setting hlx sub-encoding to TS1/5 on input line 332.
Package textcomp Info: Setting hlce sub-encoding to TS1/5 on input line 333.
Package textcomp Info: Setting hlcn sub-encoding to TS1/5 on input line 334.
Package textcomp Info: Setting hlcw sub-encoding to TS1/5 on input line 335.
Package textcomp Info: Setting hlcf sub-encoding to TS1/5 on input line 336.
Package textcomp Info: Setting pplx sub-encoding to TS1/3 on input line 337.
Package textcomp Info: Setting pplj sub-encoding to TS1/3 on input line 338.
Package textcomp Info: Setting ptmx sub-encoding to TS1/4 on input line 339.
Package textcomp Info: Setting ptmj sub-encoding to TS1/4 on input line 340.
)
(C:\Users\snow\Downloads\miketext\tex\latex\amsfonts\euscript.sty
Package: euscript 2009/06/22 v3.00 Euler Script fonts
LaTeX Font Info:    Overwriting math alphabet `\EuScript' in version `bold'
(Font)                  U/eus/m/n --> U/eus/b/n on input line 33.
)
(C:\Users\snow\Downloads\miketext\tex\latex\base\latexsym.sty
Package: latexsym 1998/08/17 v2.2e Standard LaTeX package (lasy symbols)
\symlasy=\mathgroup4
LaTeX Font Info:    Overwriting symbol font `lasy' in version `bold'
(Font)                  U/lasy/m/n --> U/lasy/b/n on input line 47.
)
(C:\Users\snow\Downloads\miketext\tex\latex\ltxmisc\relsize.sty
Package: relsize 2003/07/04 ver 3.1
)
(C:\Users\snow\Downloads\miketext\tex\latex\amsfonts\amsfonts.sty
Package: amsfonts 2013/01/14 v3.01 Basic AMSFonts support
\@emptytoks=\toks21
\symAMSa=\mathgroup5
\symAMSb=\mathgroup6
LaTeX Font Info:    Overwriting math alphabet `\mathfrak' in version `bold'
(Font)                  U/euf/m/n --> U/euf/b/n on input line 106.
)
(C:\Users\snow\Downloads\miketext\tex\latex\amsfonts\amssymb.sty
Package: amssymb 2013/01/14 v3.01 AMS font symbols
)
(C:\Users\snow\Downloads\miketext\tex\latex\eurosym\eurosym.sty
Package: eurosym 1998/08/06 v1.1 European currency symbol ``Euro''
\@eurobox=\box31
)
(C:\Users\snow\Downloads\miketext\tex\latex\mcaption\mcaption.sty
Package: mcaption 2009/03/13 v3.0 Put captions into the outer document margin (
SH)

(C:\Users\snow\Downloads\miketext\tex\latex\changepage\changepage.sty
Package: changepage 2009/10/20 v1.0c check page and change page layout
\c@cp@cntr=\count102
\cp@tempcnt=\count103
)
\margincapsep=\skip53
\mcaption@ObjectBox=\box32
\mcaption@CaptionBox=\box33
)
(C:\Users\snow\Downloads\miketext\tex\latex\sidecap\sidecap.sty
Package: sidecap 2003/06/06 v1.6f SideCap Package (RN/HjG)
\SC@BOXWD=\dimen106
\SC@CAPWD=\dimen107
\SC@tempdima=\dimen108
\SC@tempdimb=\dimen109
\c@SC@C=\count104
\SC@BOX=\box34
)
(C:\Users\snow\Downloads\miketext\tex\latex\colortbl\colortbl.sty
Package: colortbl 2012/02/13 v1.0a Color table columns (DPC)

(C:\Users\snow\Downloads\miketext\tex\latex\tools\array.sty
Package: array 2008/09/09 v2.4c Tabular extension package (FMi)
\col@sep=\dimen110
\extrarowheight=\dimen111
\NC@list=\toks22
\extratabsurround=\skip54
\backup@length=\skip55
)
\everycr=\toks23
\minrowclearance=\skip56
)
(C:\Users\snow\Downloads\miketext\tex\latex\multirow\multirow.sty
\bigstrutjot=\dimen112
)
(C:\Users\snow\Downloads\miketext\tex\latex\rotating\rotating.sty
Package: rotating 2009/03/28 v2.16a rotated objects in LaTeX

(C:\Users\snow\Downloads\miketext\tex\latex\graphics\graphicx.sty
Package: graphicx 1999/02/16 v1.0f Enhanced LaTeX Graphics (DPC,SPQR)

(C:\Users\snow\Downloads\miketext\tex\latex\graphics\graphics.sty
Package: graphics 2009/02/05 v1.0o Standard LaTeX Graphics (DPC,SPQR)

(C:\Users\snow\Downloads\miketext\tex\latex\graphics\trig.sty
Package: trig 1999/03/16 v1.09 sin cos tan (DPC)
)
(C:\Users\snow\Downloads\miketext\tex\latex\00miktex\graphics.cfg
File: graphics.cfg 2007/01/18 v1.5 graphics configuration of teTeX/TeXLive
)
Package graphics Info: Driver file: pdftex.def on input line 91.
)
\Gin@req@height=\dimen113
\Gin@req@width=\dimen114
)
\c@r@tfl@t=\count105
\rotFPtop=\skip57
\rotFPbot=\skip58
\rot@float@box=\box35
\rot@mess@toks=\toks24
)
(C:\Users\snow\Downloads\miketext\tex\latex\lettrine\lettrine.sty
File: lettrine.sty 2014/09/04 v1.65 (Daniel Flipo)
\c@DefaultLines=\count106
\DefaultFindent=\dimen115
\DefaultNindent=\dimen116
\DefaultSlope=\dimen117
\L@lbox=\box36
\L@tbox=\box37
\c@L@lines=\count107
\L@Pindent=\dimen118
\L@Findent=\dimen119
\L@Nindent=\dimen120
\L@lraise=\dimen121
\L@first=\dimen122
\L@next=\dimen123
\L@slope=\dimen124
\L@height=\dimen125
\LettrineWidth=\dimen126
\LettrineHeight=\dimen127
\LettrineDepth=\dimen128

Loading lettrine.cfg
(C:\Users\snow\Downloads\miketext\tex\latex\lettrine\lettrine.cfg))
(C:\Users\snow\Downloads\miketext\tex\latex\textcase\textcase.sty
Package: textcase 2004/10/07 v0.07 Text only upper/lower case changing (DPC)
)
(C:\Users\snow\Downloads\miketext\tex\latex\url\url.sty
\Urlmuskip=\muskip10
Package: url 2013/09/16  ver 3.4  Verb mode for urls, etc.
)
(C:\Users\snow\Downloads\miketext\tex\latex\caption\caption.sty
Package: caption 2013/05/02 v3.3-89 Customizing captions (AR)

(C:\Users\snow\Downloads\miketext\tex\latex\caption\caption3.sty
Package: caption3 2013/05/02 v1.6-88 caption3 kernel (AR)
Package caption3 Info: TeX engine: e-TeX on input line 57.
\captionmargin=\dimen129
\captionmargin@=\dimen130
\captionwidth=\dimen131
\caption@tempdima=\dimen132
\caption@indent=\dimen133
\caption@parindent=\dimen134
\caption@hangindent=\dimen135
)
Package caption Info: KOMA-Script document class.
\c@ContinuedFloat=\count108
Package caption Info: float package is loaded.
Package caption Info: rotating package is loaded.
Package caption Info: sidecap package is loaded.
)
(C:\Users\snow\Downloads\miketext\tex\latex\minitoc\minitoc.sty
Package: minitoc 2008/07/16 v60 Package minitoc (JPFD)

(C:\Users\snow\Downloads\miketext\tex\latex\minitoc\mtcmess.sty
Package: mtcmess 2006/03/14
)
Package minitoc Info: I0001
(minitoc)             *** minitoc package, version 60 ***.
\tf@mtc=\write5
\mtcindent=\skip59
\mtcskipamount=\skip60
Package minitoc Info: I0005
(minitoc)             compatible with hyperref.
Package minitoc Info: I0023
(minitoc)             part level macros available.
Package minitoc Info: I0003
(minitoc)             chapter level macros available.
\mtc@toks=\toks25
\mtc@strutbox=\box38
\mtc@hstrutbox=\box39
Package minitoc Info: I0002
(minitoc)             Autoconfiguration of extensions.

(C:\Users\snow\Dropbox\tesis\tesis2014\git\tesis\tesis.mtc0)
Package minitoc Info: I0012
(minitoc)             Long extensions (Unix-like) will be used.
Package minitoc Info: I0031
(minitoc)             ==> this version is configured for UNIX-like 
(minitoc)                 (long extensions) file names.
\c@mtc=\count109
\c@minitocdepth=\count110
\c@ptc=\count111
\c@parttocdepth=\count112
\ptcindent=\skip61
Package minitoc Info: I0010
(minitoc)             The english language is selected.
(minitoc)              on input line 4910.

(C:\Users\snow\Downloads\miketext\tex\latex\minitoc\english.mld
File: english.mld 2006/01/13
)
(C:\Users\snow\Downloads\miketext\tex\latex\minitoc\english.mld
File: english.mld 2006/01/13
)
Package minitoc Info: I0010
(minitoc)             The spanish language is selected.
(minitoc)              on input line 4911.

(C:\Users\snow\Downloads\miketext\tex\latex\minitoc\spanish.mld
File: spanish.mld 2008/04/03
))
(C:\Users\snow\Downloads\miketext\tex\latex\fp\fp.sty
Package: fp 1995/04/02

`Fixed Point Package', Version 0.8, April 2, 1995 (C) Michael Mehlich
(C:\Users\snow\Downloads\miketext\tex\latex\fp\defpattern.sty
Package: defpattern 1994/10/12
\actioncount=\count113
)
(C:\Users\snow\Downloads\miketext\tex\latex\fp\fp-basic.sty
Package: fp-basic 1996/05/13
\FP@xs=\count114
\FP@xia=\count115
\FP@xib=\count116
\FP@xfa=\count117
\FP@xfb=\count118
\FP@rega=\count119
\FP@regb=\count120
\FP@regs=\count121
\FP@times=\count122
)
(C:\Users\snow\Downloads\miketext\tex\latex\fp\fp-addons.sty
Package: fp-addons 1995/03/15
)
(C:\Users\snow\Downloads\miketext\tex\latex\fp\fp-snap.sty
Package: fp-snap 1995/04/05
)
(C:\Users\snow\Downloads\miketext\tex\latex\fp\fp-exp.sty
Package: fp-exp 1995/04/03
)
(C:\Users\snow\Downloads\miketext\tex\latex\fp\fp-trigo.sty
Package: fp-trigo 1995/04/14
)
(C:\Users\snow\Downloads\miketext\tex\latex\fp\fp-pas.sty
Package: fp-pas 1994/08/29
)
(C:\Users\snow\Downloads\miketext\tex\latex\fp\fp-random.sty
Package: fp-random 1995/02/23
\FPseed=\count123
)
(C:\Users\snow\Downloads\miketext\tex\latex\fp\fp-eqn.sty
Package: fp-eqn 1995/04/03
)
(C:\Users\snow\Downloads\miketext\tex\latex\fp\fp-upn.sty
Package: fp-upn 1996/10/21
)
(C:\Users\snow\Downloads\miketext\tex\latex\fp\fp-eval.sty
Package: fp-eval 1995/04/03
))
(C:\Users\snow\Downloads\miketext\tex\latex\pgfplots\pgfplots.sty
(C:\Users\snow\Downloads\miketext\tex\generic\pgfplots\pgfplots.revision.tex)
Package: pgfplots 2014/08/04 v1.11 Data Visualization (1.11-3-g4c99d7a)

(C:\Users\snow\Downloads\miketext\tex\latex\pgf\frontendlayer\tikz.sty
(C:\Users\snow\Downloads\miketext\tex\latex\pgf\basiclayer\pgf.sty
(C:\Users\snow\Downloads\miketext\tex\latex\pgf\utilities\pgfrcs.sty
(C:\Users\snow\Downloads\miketext\tex\generic\pgf\utilities\pgfutil-common.tex
\pgfutil@everybye=\toks26
\pgfutil@tempdima=\dimen136
\pgfutil@tempdimb=\dimen137

(C:\Users\snow\Downloads\miketext\tex\generic\pgf\utilities\pgfutil-common-list
s.tex))
(C:\Users\snow\Downloads\miketext\tex\generic\pgf\utilities\pgfutil-latex.def
\pgfutil@abb=\box40

(C:\Users\snow\Downloads\miketext\tex\latex\ms\everyshi.sty
Package: everyshi 2001/05/15 v3.00 EveryShipout Package (MS)
))
(C:\Users\snow\Downloads\miketext\tex\generic\pgf\utilities\pgfrcs.code.tex
Package: pgfrcs 2013/12/20 v3.0.0 (rcs-revision 1.28)
))
Package: pgf 2013/12/18 v3.0.0 (rcs-revision 1.14)

(C:\Users\snow\Downloads\miketext\tex\latex\pgf\basiclayer\pgfcore.sty
(C:\Users\snow\Downloads\miketext\tex\latex\pgf\systemlayer\pgfsys.sty
(C:\Users\snow\Downloads\miketext\tex\generic\pgf\systemlayer\pgfsys.code.tex
Package: pgfsys 2013/11/30 v3.0.0 (rcs-revision 1.47)

(C:\Users\snow\Downloads\miketext\tex\generic\pgf\utilities\pgfkeys.code.tex
\pgfkeys@pathtoks=\toks27
\pgfkeys@temptoks=\toks28

(C:\Users\snow\Downloads\miketext\tex\generic\pgf\utilities\pgfkeysfiltered.cod
e.tex
\pgfkeys@tmptoks=\toks29
))
\pgf@x=\dimen138
\pgf@y=\dimen139
\pgf@xa=\dimen140
\pgf@ya=\dimen141
\pgf@xb=\dimen142
\pgf@yb=\dimen143
\pgf@xc=\dimen144
\pgf@yc=\dimen145
\w@pgf@writea=\write6
\r@pgf@reada=\read3
\c@pgf@counta=\count124
\c@pgf@countb=\count125
\c@pgf@countc=\count126
\c@pgf@countd=\count127
\t@pgf@toka=\toks30
\t@pgf@tokb=\toks31
\t@pgf@tokc=\toks32
 (C:\Users\snow\Downloads\miketext\tex\generic\pgf\systemlayer\pgf.cfg
File: pgf.cfg 2008/05/14  (rcs-revision 1.7)
)
Driver file for pgf: pgfsys-pdftex.def

(C:\Users\snow\Downloads\miketext\tex\generic\pgf\systemlayer\pgfsys-pdftex.def
File: pgfsys-pdftex.def 2013/07/18  (rcs-revision 1.33)

(C:\Users\snow\Downloads\miketext\tex\generic\pgf\systemlayer\pgfsys-common-pdf
.def
File: pgfsys-common-pdf.def 2013/10/10  (rcs-revision 1.13)
)))
(C:\Users\snow\Downloads\miketext\tex\generic\pgf\systemlayer\pgfsyssoftpath.co
de.tex
File: pgfsyssoftpath.code.tex 2013/09/09  (rcs-revision 1.9)
\pgfsyssoftpath@smallbuffer@items=\count128
\pgfsyssoftpath@bigbuffer@items=\count129
)
(C:\Users\snow\Downloads\miketext\tex\generic\pgf\systemlayer\pgfsysprotocol.co
de.tex
File: pgfsysprotocol.code.tex 2006/10/16  (rcs-revision 1.4)
))
(C:\Users\snow\Downloads\miketext\tex\generic\pgf\basiclayer\pgfcore.code.tex
Package: pgfcore 2010/04/11 v3.0.0 (rcs-revision 1.7)

(C:\Users\snow\Downloads\miketext\tex\generic\pgf\math\pgfmath.code.tex
(C:\Users\snow\Downloads\miketext\tex\generic\pgf\math\pgfmathcalc.code.tex
(C:\Users\snow\Downloads\miketext\tex\generic\pgf\math\pgfmathutil.code.tex)
(C:\Users\snow\Downloads\miketext\tex\generic\pgf\math\pgfmathparser.code.tex
\pgfmath@dimen=\dimen146
\pgfmath@count=\count130
\pgfmath@box=\box41
\pgfmath@toks=\toks33
\pgfmath@stack@operand=\toks34
\pgfmath@stack@operation=\toks35
)
(C:\Users\snow\Downloads\miketext\tex\generic\pgf\math\pgfmathfunctions.code.te
x
(C:\Users\snow\Downloads\miketext\tex\generic\pgf\math\pgfmathfunctions.basic.c
ode.tex)
(C:\Users\snow\Downloads\miketext\tex\generic\pgf\math\pgfmathfunctions.trigono
metric.code.tex)
(C:\Users\snow\Downloads\miketext\tex\generic\pgf\math\pgfmathfunctions.random.
code.tex)
(C:\Users\snow\Downloads\miketext\tex\generic\pgf\math\pgfmathfunctions.compari
son.code.tex)
(C:\Users\snow\Downloads\miketext\tex\generic\pgf\math\pgfmathfunctions.base.co
de.tex)
(C:\Users\snow\Downloads\miketext\tex\generic\pgf\math\pgfmathfunctions.round.c
ode.tex)
(C:\Users\snow\Downloads\miketext\tex\generic\pgf\math\pgfmathfunctions.misc.co
de.tex)
(C:\Users\snow\Downloads\miketext\tex\generic\pgf\math\pgfmathfunctions.integer
arithmetics.code.tex)))
(C:\Users\snow\Downloads\miketext\tex\generic\pgf\math\pgfmathfloat.code.tex
\c@pgfmathroundto@lastzeros=\count131
))
(C:\Users\snow\Downloads\miketext\tex\generic\pgf\basiclayer\pgfcorepoints.code
.tex
File: pgfcorepoints.code.tex 2013/10/07  (rcs-revision 1.27)
\pgf@picminx=\dimen147
\pgf@picmaxx=\dimen148
\pgf@picminy=\dimen149
\pgf@picmaxy=\dimen150
\pgf@pathminx=\dimen151
\pgf@pathmaxx=\dimen152
\pgf@pathminy=\dimen153
\pgf@pathmaxy=\dimen154
\pgf@xx=\dimen155
\pgf@xy=\dimen156
\pgf@yx=\dimen157
\pgf@yy=\dimen158
\pgf@zx=\dimen159
\pgf@zy=\dimen160
)
(C:\Users\snow\Downloads\miketext\tex\generic\pgf\basiclayer\pgfcorepathconstru
ct.code.tex
File: pgfcorepathconstruct.code.tex 2013/10/07  (rcs-revision 1.29)
\pgf@path@lastx=\dimen161
\pgf@path@lasty=\dimen162
)
(C:\Users\snow\Downloads\miketext\tex\generic\pgf\basiclayer\pgfcorepathusage.c
ode.tex
File: pgfcorepathusage.code.tex 2013/12/13  (rcs-revision 1.23)
\pgf@shorten@end@additional=\dimen163
\pgf@shorten@start@additional=\dimen164
)
(C:\Users\snow\Downloads\miketext\tex\generic\pgf\basiclayer\pgfcorescopes.code
.tex
File: pgfcorescopes.code.tex 2013/10/09  (rcs-revision 1.44)
\pgfpic=\box42
\pgf@hbox=\box43
\pgf@layerbox@main=\box44
\pgf@picture@serial@count=\count132
)
(C:\Users\snow\Downloads\miketext\tex\generic\pgf\basiclayer\pgfcoregraphicstat
e.code.tex
File: pgfcoregraphicstate.code.tex 2013/09/19  (rcs-revision 1.11)
\pgflinewidth=\dimen165
)
(C:\Users\snow\Downloads\miketext\tex\generic\pgf\basiclayer\pgfcoretransformat
ions.code.tex
File: pgfcoretransformations.code.tex 2013/10/10  (rcs-revision 1.17)
\pgf@pt@x=\dimen166
\pgf@pt@y=\dimen167
\pgf@pt@temp=\dimen168
)
(C:\Users\snow\Downloads\miketext\tex\generic\pgf\basiclayer\pgfcorequick.code.
tex
File: pgfcorequick.code.tex 2008/10/09  (rcs-revision 1.3)
)
(C:\Users\snow\Downloads\miketext\tex\generic\pgf\basiclayer\pgfcoreobjects.cod
e.tex
File: pgfcoreobjects.code.tex 2006/10/11  (rcs-revision 1.2)
)
(C:\Users\snow\Downloads\miketext\tex\generic\pgf\basiclayer\pgfcorepathprocess
ing.code.tex
File: pgfcorepathprocessing.code.tex 2013/09/09  (rcs-revision 1.9)
)
(C:\Users\snow\Downloads\miketext\tex\generic\pgf\basiclayer\pgfcorearrows.code
.tex
File: pgfcorearrows.code.tex 2013/11/07  (rcs-revision 1.40)
\pgfarrowsep=\dimen169
)
(C:\Users\snow\Downloads\miketext\tex\generic\pgf\basiclayer\pgfcoreshade.code.
tex
File: pgfcoreshade.code.tex 2013/07/15  (rcs-revision 1.15)
\pgf@max=\dimen170
\pgf@sys@shading@range@num=\count133
)
(C:\Users\snow\Downloads\miketext\tex\generic\pgf\basiclayer\pgfcoreimage.code.
tex
File: pgfcoreimage.code.tex 2013/07/15  (rcs-revision 1.18)

(C:\Users\snow\Downloads\miketext\tex\generic\pgf\basiclayer\pgfcoreexternal.co
de.tex
File: pgfcoreexternal.code.tex 2013/07/15  (rcs-revision 1.20)
\pgfexternal@startupbox=\box45
))
(C:\Users\snow\Downloads\miketext\tex\generic\pgf\basiclayer\pgfcorelayers.code
.tex
File: pgfcorelayers.code.tex 2013/07/18  (rcs-revision 1.7)
)
(C:\Users\snow\Downloads\miketext\tex\generic\pgf\basiclayer\pgfcoretransparenc
y.code.tex
File: pgfcoretransparency.code.tex 2013/09/30  (rcs-revision 1.5)
)
(C:\Users\snow\Downloads\miketext\tex\generic\pgf\basiclayer\pgfcorepatterns.co
de.tex
File: pgfcorepatterns.code.tex 2013/11/07  (rcs-revision 1.5)
)))
(C:\Users\snow\Downloads\miketext\tex\generic\pgf\modules\pgfmoduleshapes.code.
tex
File: pgfmoduleshapes.code.tex 2013/10/31  (rcs-revision 1.34)
\pgfnodeparttextbox=\box46
)
(C:\Users\snow\Downloads\miketext\tex\generic\pgf\modules\pgfmoduleplot.code.te
x
File: pgfmoduleplot.code.tex 2013/07/31  (rcs-revision 1.12)
)
(C:\Users\snow\Downloads\miketext\tex\latex\pgf\compatibility\pgfcomp-version-0
-65.sty
Package: pgfcomp-version-0-65 2007/07/03 v3.0.0 (rcs-revision 1.7)
\pgf@nodesepstart=\dimen171
\pgf@nodesepend=\dimen172
)
(C:\Users\snow\Downloads\miketext\tex\latex\pgf\compatibility\pgfcomp-version-1
-18.sty
Package: pgfcomp-version-1-18 2007/07/23 v3.0.0 (rcs-revision 1.1)
)) (C:\Users\snow\Downloads\miketext\tex\latex\pgf\utilities\pgffor.sty
(C:\Users\snow\Downloads\miketext\tex\latex\pgf\utilities\pgfkeys.sty
(C:\Users\snow\Downloads\miketext\tex\generic\pgf\utilities\pgfkeys.code.tex))
(C:\Users\snow\Downloads\miketext\tex\latex\pgf\math\pgfmath.sty
(C:\Users\snow\Downloads\miketext\tex\generic\pgf\math\pgfmath.code.tex))
(C:\Users\snow\Downloads\miketext\tex\generic\pgf\utilities\pgffor.code.tex
Package: pgffor 2013/12/13 v3.0.0 (rcs-revision 1.25)

(C:\Users\snow\Downloads\miketext\tex\generic\pgf\math\pgfmath.code.tex)
\pgffor@iter=\dimen173
\pgffor@skip=\dimen174
\pgffor@stack=\toks36
\pgffor@toks=\toks37
))
(C:\Users\snow\Downloads\miketext\tex\generic\pgf\frontendlayer\tikz\tikz.code.
tex
Package: tikz 2013/12/13 v3.0.0 (rcs-revision 1.142)

(C:\Users\snow\Downloads\miketext\tex\generic\pgf\libraries\pgflibraryplothandl
ers.code.tex
File: pgflibraryplothandlers.code.tex 2013/08/31 v3.0.0 (rcs-revision 1.20)
\pgf@plot@mark@count=\count134
\pgfplotmarksize=\dimen175
)
\tikz@lastx=\dimen176
\tikz@lasty=\dimen177
\tikz@lastxsaved=\dimen178
\tikz@lastysaved=\dimen179
\tikzleveldistance=\dimen180
\tikzsiblingdistance=\dimen181
\tikz@figbox=\box47
\tikz@figbox@bg=\box48
\tikz@tempbox=\box49
\tikz@tempbox@bg=\box50
\tikztreelevel=\count135
\tikznumberofchildren=\count136
\tikznumberofcurrentchild=\count137
\tikz@fig@count=\count138

(C:\Users\snow\Downloads\miketext\tex\generic\pgf\modules\pgfmodulematrix.code.
tex
File: pgfmodulematrix.code.tex 2013/09/17  (rcs-revision 1.8)
\pgfmatrixcurrentrow=\count139
\pgfmatrixcurrentcolumn=\count140
\pgf@matrix@numberofcolumns=\count141
)
\tikz@expandcount=\count142

(C:\Users\snow\Downloads\miketext\tex\generic\pgf\frontendlayer\tikz\libraries\
tikzlibrarytopaths.code.tex
File: tikzlibrarytopaths.code.tex 2008/06/17 v3.0.0 (rcs-revision 1.2)
)))
(C:\Users\snow\Downloads\miketext\tex\generic\pgfplots\pgfplots.code.tex
(C:\Users\snow\Downloads\miketext\tex\generic\pgfplots\pgfplotscore.code.tex
\t@pgfplots@toka=\toks38
\t@pgfplots@tokb=\toks39
\t@pgfplots@tokc=\toks40
\pgfplots@tmpa=\dimen182
\c@pgfplots@coordindex=\count143
\c@pgfplots@scanlineindex=\count144

(C:\Users\snow\Downloads\miketext\tex\generic\pgfplots\sys\pgfplotssysgeneric.c
ode.tex))
(C:\Users\snow\Downloads\miketext\tex\generic\pgfplots\libs\pgfplotslibrary.cod
e.tex)
(C:\Users\snow\Downloads\miketext\tex\generic\pgfplots\oldpgfcompatib\pgfplotso
ldpgfsupp_loader.code.tex
(C:\Users\snow\Downloads\miketext\tex\generic\pgf\libraries\pgflibraryfpu.code.
tex)
(C:\Users\snow\Downloads\miketext\tex\generic\pgfplots\oldpgfcompatib\pgfplotso
ldpgfsupp_trig_format.code.tex))
(C:\Users\snow\Downloads\miketext\tex\generic\pgfplots\util\pgfplotsutil.code.t
ex
(C:\Users\snow\Downloads\miketext\tex\generic\pgfplots\liststructure\pgfplotsli
ststructure.code.tex)
(C:\Users\snow\Downloads\miketext\tex\generic\pgfplots\liststructure\pgfplotsli
ststructureext.code.tex)
(C:\Users\snow\Downloads\miketext\tex\generic\pgfplots\liststructure\pgfplotsar
ray.code.tex
\c@pgfplotsarray@tmp=\count145
)
(C:\Users\snow\Downloads\miketext\tex\generic\pgfplots\liststructure\pgfplotsma
trix.code.tex)
(C:\Users\snow\Downloads\miketext\tex\generic\pgfplots\numtable\pgfplotstablesh
ared.code.tex
\c@pgfplotstable@counta=\count146
\t@pgfplotstable@a=\toks41
)
(C:\Users\snow\Downloads\miketext\tex\generic\pgfplots\liststructure\pgfplotsde
que.code.tex)
(C:\Users\snow\Downloads\miketext\tex\generic\pgfplots\util\pgfplotsbinary.code
.tex
(C:\Users\snow\Downloads\miketext\tex\generic\pgfplots\util\pgfplotsbinary.data
.code.tex))
(C:\Users\snow\Downloads\miketext\tex\generic\pgfplots\util\pgfplotsutil.verb.c
ode.tex)
(C:\Users\snow\Downloads\miketext\tex\generic\pgfplots\libs\pgflibrarypgfplots.
surfshading.code.tex
\c@pgfplotslibrarysurf@no=\count147

(C:\Users\snow\Downloads\miketext\tex\generic\pgfplots\sys\pgflibrarypgfplots.s
urfshading.pgfsys-pdftex.def)))
(C:\Users\snow\Downloads\miketext\tex\generic\pgfplots\util\pgfplotscolormap.co
de.tex
(C:\Users\snow\Downloads\miketext\tex\generic\pgfplots\util\pgfplotscolor.code.
tex))
(C:\Users\snow\Downloads\miketext\tex\generic\pgfplots\pgfplotsstackedplots.cod
e.tex)
(C:\Users\snow\Downloads\miketext\tex\generic\pgfplots\pgfplotsplothandlers.cod
e.tex
(C:\Users\snow\Downloads\miketext\tex\generic\pgfplots\pgfplotsmeshplothandler.
code.tex))
(C:\Users\snow\Downloads\miketext\tex\generic\pgfplots\pgfplots.scaling.code.te
x)
(C:\Users\snow\Downloads\miketext\tex\generic\pgfplots\pgfplotscoordprocessing.
code.tex)
(C:\Users\snow\Downloads\miketext\tex\generic\pgfplots\pgfplots.errorbars.code.
tex)
(C:\Users\snow\Downloads\miketext\tex\generic\pgfplots\pgfplots.markers.code.te
x)
(C:\Users\snow\Downloads\miketext\tex\generic\pgfplots\pgfplotsticks.code.tex)
(C:\Users\snow\Downloads\miketext\tex\generic\pgfplots\pgfplots.paths.code.tex)

(C:\Users\snow\Downloads\miketext\tex\generic\pgf\frontendlayer\tikz\libraries\
tikzlibrarydecorations.code.tex
(C:\Users\snow\Downloads\miketext\tex\generic\pgf\modules\pgfmoduledecorations.
code.tex
\pgfdecoratedcompleteddistance=\dimen183
\pgfdecoratedremainingdistance=\dimen184
\pgfdecoratedinputsegmentcompleteddistance=\dimen185
\pgfdecoratedinputsegmentremainingdistance=\dimen186
\pgf@decorate@distancetomove=\dimen187
\pgf@decorate@repeatstate=\count148
\pgfdecorationsegmentamplitude=\dimen188
\pgfdecorationsegmentlength=\dimen189
)
\tikz@lib@dec@box=\box51
)
(C:\Users\snow\Downloads\miketext\tex\generic\pgf\frontendlayer\tikz\libraries\
tikzlibrarydecorations.pathmorphing.code.tex
(C:\Users\snow\Downloads\miketext\tex\generic\pgf\libraries\decorations\pgflibr
arydecorations.pathmorphing.code.tex))
(C:\Users\snow\Downloads\miketext\tex\generic\pgf\frontendlayer\tikz\libraries\
tikzlibrarydecorations.pathreplacing.code.tex
(C:\Users\snow\Downloads\miketext\tex\generic\pgf\libraries\decorations\pgflibr
arydecorations.pathreplacing.code.tex))
\pgfplots@numplots=\count149
\pgfplots@xmin@reg=\dimen190
\pgfplots@xmax@reg=\dimen191
\pgfplots@ymin@reg=\dimen192
\pgfplots@ymax@reg=\dimen193
\pgfplots@zmin@reg=\dimen194
\pgfplots@zmax@reg=\dimen195
)
(C:\Users\snow\Downloads\miketext\tex\generic\pgf\frontendlayer\tikz\libraries\
tikzlibraryplotmarks.code.tex
File: tikzlibraryplotmarks.code.tex 2008/01/09 v3.0.0 (rcs-revision 1.1)

(C:\Users\snow\Downloads\miketext\tex\generic\pgf\libraries\pgflibraryplotmarks
.code.tex
File: pgflibraryplotmarks.code.tex 2013/07/20 v3.0.0 (rcs-revision 1.13)
)))
(C:\Users\snow\Downloads\miketext\tex\generic\pgfplots\oldpgfplotscompatib\tikz
librarydateplot.code.tex
(C:\Users\snow\Downloads\miketext\tex\generic\pgfplots\libs\tikzlibrarypgfplots
.dateplot.code.tex
(C:\Users\snow\Downloads\miketext\tex\latex\pgf\utilities\pgfcalendar.sty
(C:\Users\snow\Downloads\miketext\tex\generic\pgf\utilities\pgfcalendar.code.te
x
File: pgfcalendar.code.tex 2007/07/23 v3.0.0 (rcs-revision 1.11)
\pgfcalendarcurrentjulian=\count150
)))) (C:\Users\snow\Downloads\miketext\tex\latex\cmap\cmap.sty
Package: cmap 2008/03/06 v1.0h CMap support: searchable PDF


Package cmap Warning: fontenc already loaded - some fonts may be unprocessed.

) (C:\Users\snow\Downloads\miketext\tex\latex\misc\etex.sty
Package: etex 1998/03/26 v2.0 eTeX basic definition package (PEB)
\et@xins=\count151
)
(C:\Users\snow\Dropbox\tesis\tesis2014\git\tesis\algorithmic.sty
Package: algorithmic 2011/09/23 v0.2 Document Style `algorithmic'
\c@ALC@unique=\count152
\c@ALC@line=\count153
\c@ALC@rem=\count154
\c@ALC@depth=\count155
\ALC@tlm=\skip62
\algorithmicindent=\skip63
)
(C:\Users\snow\Dropbox\tesis\tesis2014\git\tesis\coloricos.tex)
(C:\Users\snow\Downloads\miketext\tex\latex\listings\listings.sty
\lst@mode=\count156
\lst@gtempboxa=\box52
\lst@token=\toks42
\lst@length=\count157
\lst@currlwidth=\dimen196
\lst@column=\count158
\lst@pos=\count159
\lst@lostspace=\dimen197
\lst@width=\dimen198
\lst@newlines=\count160
\lst@lineno=\count161
\lst@maxwidth=\dimen199

(C:\Users\snow\Downloads\miketext\tex\latex\listings\lstmisc.sty
File: lstmisc.sty 2014/09/06 1.5e (Carsten Heinz)
\c@lstnumber=\count162
\lst@skipnumbers=\count163
\lst@framebox=\box53
)
(C:\Users\snow\Downloads\miketext\tex\latex\listings\listings.cfg
File: listings.cfg 2014/09/06 1.5e listings configuration
))
Package: listings 2014/09/06 1.5e (Carsten Heinz)
\GPT@outputbox=\box54

(C:\Users\snow\Downloads\miketext\tex\latex\pdfpages\pdfpages.sty
Package: pdfpages 2013/08/25 v0.4v Insert pages of external PDF documents (AM)

(C:\Users\snow\Downloads\miketext\tex\latex\eso-pic\eso-pic.sty
Package: eso-pic 2013/10/06 v2.0d eso-pic (RN)

(C:\Users\snow\Downloads\miketext\tex\generic\oberdiek\atbegshi.sty
Package: atbegshi 2011/10/05 v1.16 At begin shipout hook (HO)
))
(C:\Users\snow\Downloads\miketext\tex\latex\pdfpages\pppdftex.def
File: pppdftex.def 2013/08/25 v0.4v Pdfpages driver for pdfTeX (AM)
)
\AM@pagebox=\box55
\AM@toc@title=\toks43
\c@AM@survey=\count164
\AM@templatesizebox=\box56
)
(C:\Users\snow\Dropbox\tesis\tesis2014\git\tesis\classicthesis-ldpkg.sty
Package: classicthesis-ldpkg 2007/07/01 v2.1 Package Loader for Classic Thesis 
Style

(C:\Users\snow\Downloads\miketext\tex\latex\base\fontenc.sty
Package: fontenc 2005/09/27 v1.99g Standard LaTeX package

(C:\Users\snow\Downloads\miketext\tex\latex\base\t1enc.def
File: t1enc.def 2005/09/27 v1.99g Standard LaTeX file
LaTeX Font Info:    Redeclaring font encoding T1 on input line 43.
))
(C:\Users\snow\Downloads\miketext\tex\latex\tools\xspace.sty
Package: xspace 2009/10/20 v1.13 Space after command names (DPC,MH)
)
(C:\Users\snow\Downloads\miketext\tex\latex\tools\tabularx.sty
Package: tabularx 1999/01/07 v2.07 `tabularx' package (DPC)
\TX@col@width=\dimen200
\TX@old@table=\dimen201
\TX@old@col=\dimen202
\TX@target=\dimen203
\TX@delta=\dimen204
\TX@cols=\count165
\TX@ftn=\toks44
)
(C:\Users\snow\Downloads\miketext\tex\latex\mparhack\mparhack.sty
Package: mparhack 2005/04/17 v1.4 (T. Sgouros and S. Ulrich)
)
(C:\Users\snow\Downloads\miketext\tex\latex\base\fixltx2e.sty
Package: fixltx2e 2006/09/13 v1.1m fixes to LaTeX
LaTeX Info: Redefining \em on input line 420.
LaTeX Info: Redefining \textsubscript on input line 424.
)
(C:\Users\snow\Downloads\miketext\tex\latex\amsmath\amsmath.sty
Package: amsmath 2013/01/14 v2.14 AMS math features
\@mathmargin=\skip64

For additional information on amsmath, use the `?' option.
(C:\Users\snow\Downloads\miketext\tex\latex\amsmath\amstext.sty
Package: amstext 2000/06/29 v2.01

(C:\Users\snow\Downloads\miketext\tex\latex\amsmath\amsgen.sty
File: amsgen.sty 1999/11/30 v2.0
\@emptytoks=\toks45
\ex@=\dimen205
))
(C:\Users\snow\Downloads\miketext\tex\latex\amsmath\amsbsy.sty
Package: amsbsy 1999/11/29 v1.2d
\pmbraise@=\dimen206
)
(C:\Users\snow\Downloads\miketext\tex\latex\amsmath\amsopn.sty
Package: amsopn 1999/12/14 v2.01 operator names
)
\inf@bad=\count166
LaTeX Info: Redefining \frac on input line 210.
\uproot@=\count167
\leftroot@=\count168
LaTeX Info: Redefining \overline on input line 306.
\classnum@=\count169
\DOTSCASE@=\count170
LaTeX Info: Redefining \ldots on input line 378.
LaTeX Info: Redefining \dots on input line 381.
LaTeX Info: Redefining \cdots on input line 466.
\Mathstrutbox@=\box57
\strutbox@=\box58
\big@size=\dimen207
LaTeX Font Info:    Redeclaring font encoding OML on input line 566.
LaTeX Font Info:    Redeclaring font encoding OMS on input line 567.
\macc@depth=\count171
\c@MaxMatrixCols=\count172
\dotsspace@=\muskip11
\c@parentequation=\count173
\dspbrk@lvl=\count174
\tag@help=\toks46
\row@=\count175
\column@=\count176
\maxfields@=\count177
\andhelp@=\toks47
\eqnshift@=\dimen208
\alignsep@=\dimen209
\tagshift@=\dimen210
\tagwidth@=\dimen211
\totwidth@=\dimen212
\lineht@=\dimen213
\@envbody=\toks48
\multlinegap=\skip65
\multlinetaggap=\skip66
\mathdisplay@stack=\toks49
LaTeX Info: Redefining \[ on input line 2665.
LaTeX Info: Redefining \] on input line 2666.
)
(C:\Users\snow\Downloads\miketext\tex\latex\acronym\acronym.sty
Package: acronym 2012/10/29 v1.38 Support for acronyms (Tobias Oetiker)

(C:\Users\snow\Downloads\miketext\tex\latex\bigfoot\suffix.sty
Package: suffix 2006/07/15 1.5 Variant command support
)
(C:\Users\snow\Downloads\miketext\tex\latex\xstring\xstring.sty
(C:\Users\snow\Downloads\miketext\tex\generic\xstring\xstring.tex
\@xs@message=\write7
\integerpart=\count178
\decimalpart=\count179
)
Package: xstring 2013/10/13  v1.7c  String manipulations (C Tellechea)
)
\AC@clearlist=\toks50
)
\c@dummy=\count180

(C:\Users\snow\Downloads\miketext\tex\latex\subfig\subfig.sty
Package: subfig 2005/06/28 ver: 1.3 subfig package
\c@KVtest=\count181
\sf@farskip=\skip67
\sf@captopadj=\dimen214
\sf@capskip=\skip68
\sf@nearskip=\skip69
\c@subfigure=\count182
\c@subfigure@save=\count183
\c@lofdepth=\count184
\c@subtable=\count185
\c@subtable@save=\count186
\c@lotdepth=\count187
\sf@top=\skip70
\sf@bottom=\skip71
)
(C:\Users\snow\Downloads\miketext\tex\latex\listings\lstlang1.sty
File: lstlang1.sty 2014/09/06 1.5e listings language file
)
(C:\Users\snow\Downloads\miketext\tex\latex\listings\lstlang2.sty
File: lstlang2.sty 2014/09/06 1.5e listings language file
)
(C:\Users\snow\Downloads\miketext\tex\latex\listings\lstlang3.sty
File: lstlang3.sty 2014/09/06 1.5e listings language file
)
(C:\Users\snow\Downloads\miketext\tex\latex\listings\lstlang1.sty
File: lstlang1.sty 2014/09/06 1.5e listings language file
)
(C:\Users\snow\Downloads\miketext\tex\latex\listings\lstlang2.sty
File: lstlang2.sty 2014/09/06 1.5e listings language file
)
(C:\Users\snow\Downloads\miketext\tex\latex\listings\lstlang3.sty
File: lstlang3.sty 2014/09/06 1.5e listings language file
)
(C:\Users\snow\Downloads\miketext\tex\latex\listings\lstlang1.sty
File: lstlang1.sty 2014/09/06 1.5e listings language file
)
(C:\Users\snow\Downloads\miketext\tex\latex\listings\lstlang2.sty
File: lstlang2.sty 2014/09/06 1.5e listings language file
)
(C:\Users\snow\Downloads\miketext\tex\latex\listings\lstlang3.sty
File: lstlang3.sty 2014/09/06 1.5e listings language file
)
(C:\Users\snow\Downloads\miketext\tex\latex\listings\lstmisc.sty
File: lstmisc.sty 2014/09/06 1.5e (Carsten Heinz)
)
(C:\Users\snow\Downloads\miketext\tex\latex\hyperref\hyperref.sty
Package: hyperref 2012/11/06 v6.83m Hypertext links for LaTeX

(C:\Users\snow\Downloads\miketext\tex\generic\oberdiek\hobsub-hyperref.sty
Package: hobsub-hyperref 2012/04/25 v1.12 Bundle oberdiek, subset hyperref (HO)


(C:\Users\snow\Downloads\miketext\tex\generic\oberdiek\hobsub-generic.sty
Package: hobsub-generic 2012/04/25 v1.12 Bundle oberdiek, subset generic (HO)
Package: hobsub 2012/04/25 v1.12 Construct package bundles (HO)
Package hobsub Info: Skipping package `infwarerr' (already loaded).
Package hobsub Info: Skipping package `ltxcmds' (already loaded).
Package hobsub Info: Skipping package `ifluatex' (already loaded).
Package: ifvtex 2010/03/01 v1.5 Detect VTeX and its facilities (HO)
Package ifvtex Info: VTeX not detected.
Package: intcalc 2007/09/27 v1.1 Expandable calculations with integers (HO)
Package hobsub Info: Skipping package `ifpdf' (already loaded).
Package hobsub Info: Skipping package `etexcmds' (already loaded).
Package: kvsetkeys 2012/04/25 v1.16 Key value parser (HO)
Package: kvdefinekeys 2011/04/07 v1.3 Define keys (HO)
Package hobsub Info: Skipping package `pdftexcmds' (already loaded).
Package: pdfescape 2011/11/25 v1.13 Implements pdfTeX's escape features (HO)
Package: bigintcalc 2012/04/08 v1.3 Expandable calculations on big integers (HO
)
Package: bitset 2011/01/30 v1.1 Handle bit-vector datatype (HO)
Package: uniquecounter 2011/01/30 v1.2 Provide unlimited unique counter (HO)
)
Package hobsub Info: Skipping package `hobsub' (already loaded).
Package: letltxmacro 2010/09/02 v1.4 Let assignment for LaTeX macros (HO)
Package: hopatch 2011/06/24 v1.1 Wrapper for package hooks (HO)
Package: xcolor-patch 2011/01/30 xcolor patch
Package: atveryend 2011/06/30 v1.8 Hooks at the very end of document (HO)
Package atveryend Info: \enddocument detected (standard20110627).
Package hobsub Info: Skipping package `atbegshi' (already loaded).
Package: refcount 2011/10/16 v3.4 Data extraction from label references (HO)
Package: hycolor 2011/01/30 v1.7 Color options for hyperref/bookmark (HO)
)
(C:\Users\snow\Downloads\miketext\tex\generic\ifxetex\ifxetex.sty
Package: ifxetex 2010/09/12 v0.6 Provides ifxetex conditional
)
(C:\Users\snow\Downloads\miketext\tex\latex\oberdiek\auxhook.sty
Package: auxhook 2011/03/04 v1.3 Hooks for auxiliary files (HO)
)
(C:\Users\snow\Downloads\miketext\tex\latex\oberdiek\kvoptions.sty
Package: kvoptions 2011/06/30 v3.11 Key value format for package options (HO)
)
\@linkdim=\dimen215
\Hy@linkcounter=\count188
\Hy@pagecounter=\count189

(C:\Users\snow\Downloads\miketext\tex\latex\hyperref\pd1enc.def
File: pd1enc.def 2012/11/06 v6.83m Hyperref: PDFDocEncoding definition (HO)
)
\Hy@SavedSpaceFactor=\count190

(C:\Users\snow\Downloads\miketext\tex\latex\00miktex\hyperref.cfg
File: hyperref.cfg 2002/06/06 v1.2 hyperref configuration of TeXLive
)
Package hyperref Info: Option `hyperfootnotes' set `false' on input line 4319.
Package hyperref Info: Option `pdfpagelabels' set `true' on input line 4319.
Package hyperref Info: Hyper figures OFF on input line 4443.
Package hyperref Info: Link nesting OFF on input line 4448.
Package hyperref Info: Hyper index ON on input line 4451.
Package hyperref Info: Plain pages OFF on input line 4458.
Package hyperref Info: Backreferencing ON on input line 4461.
Package hyperref Info: Implicit mode ON; LaTeX internals redefined.
Package hyperref Info: Bookmarks ON on input line 4688.

(C:\Users\snow\Downloads\miketext\tex\latex\hyperref\backref.sty
Package: backref 2012/07/25 v1.38 Bibliographical back referencing

(C:\Users\snow\Downloads\miketext\tex\latex\oberdiek\rerunfilecheck.sty
Package: rerunfilecheck 2011/04/15 v1.7 Rerun checks for auxiliary files (HO)
Package uniquecounter Info: New unique counter `rerunfilecheck' on input line 2
82.
))
\c@Hy@tempcnt=\count191
LaTeX Info: Redefining \url on input line 5041.
\XeTeXLinkMargin=\dimen216
\Fld@menulength=\count192
\Field@Width=\dimen217
\Fld@charsize=\dimen218
Package hyperref Info: Hyper figures OFF on input line 6295.
Package hyperref Info: Link nesting OFF on input line 6300.
Package hyperref Info: Hyper index ON on input line 6303.
Package hyperref Info: backreferencing ON on input line 6308.
Package hyperref Info: Link coloring OFF on input line 6315.
Package hyperref Info: Link coloring with OCG OFF on input line 6320.
Package hyperref Info: PDF/A mode OFF on input line 6325.
LaTeX Info: Redefining \ref on input line 6365.
LaTeX Info: Redefining \pageref on input line 6369.
\Hy@abspage=\count193
\c@Item=\count194
)

Package hyperref Message: Driver: hpdftex.

(C:\Users\snow\Downloads\miketext\tex\latex\hyperref\hpdftex.def
File: hpdftex.def 2012/11/06 v6.83m Hyperref driver for pdfTeX
\Fld@listcount=\count195
\c@bookmark@seq@number=\count196
\Hy@SectionHShift=\skip72
)
(C:\Users\snow\Downloads\miketext\tex\latex\oberdiek\hypcap.sty
Package: hypcap 2011/02/16 v1.11 Adjusting the anchors of captions (HO)
))
(C:\Users\snow\Dropbox\tesis\tesis2014\git\tesis\classicthesis2.sty
Package: classicthesis2 2007/07/01 v2.1 Typographic Style for a classic-looking
 thesis

(C:\Users\snow\Downloads\miketext\tex\latex\psnfss\mathpazo.sty
Package: mathpazo 2005/04/12 PSNFSS-v9.2a Palatino w/ Pazo Math (D.Puga, WaS) 
\symupright=\mathgroup7
)
(C:\Users\snow\Downloads\miketext\tex\latex\bera\beramono.sty
Package: beramono 2004/01/31 (WaS)
)
(C:\Users\snow\Downloads\miketext\tex\latex\eulervm\eulervm.sty
Package: eulervm 2005/01/11 v4.0 (WaS)
)
(C:\Users\snow\Downloads\miketext\tex\latex\microtype\microtype.sty
Package: microtype 2013/05/23 v2.5a Micro-typographical refinements (RS)
\MT@toks=\toks51
\MT@count=\count197
LaTeX Info: Redefining \textls on input line 766.
\MT@outer@kern=\dimen219
LaTeX Info: Redefining \textmicrotypecontext on input line 1285.
\MT@listname@count=\count198

(C:\Users\snow\Downloads\miketext\tex\latex\microtype\microtype-pdftex.def
File: microtype-pdftex.def 2013/05/23 v2.5a Definitions specific to pdftex (RS)

LaTeX Info: Redefining \lsstyle on input line 915.
LaTeX Info: Redefining \lslig on input line 915.
\MT@outer@space=\skip73
)
Package microtype Info: Loading configuration file microtype.cfg.

(C:\Users\snow\Downloads\miketext\tex\latex\microtype\microtype.cfg
File: microtype.cfg 2013/05/23 v2.5a microtype main configuration file (RS)
))
Package typearea Info: These are the values describing the layout:
(typearea)             DIV  = areaset
(typearea)             BCOR = 17.07164pt
(typearea)             \paperwidth      = 478.80305pt
(typearea)              \textwidth      = 312.9803pt
(typearea)              \evensidemargin = 26.8974pt
(typearea)              \oddsidemargin  = -5.61465pt
(typearea)             \paperheight     = 739.77165pt
(typearea)              \textheight     = 613.14249pt
(typearea)              \topmargin      = -58.04361pt
(typearea)              \headheight     = 15.95pt
(typearea)              \headsep        = 20.40001pt
(typearea)              \topskip        = 11.0pt
(typearea)              \footskip       = 47.60002pt
(typearea)              \baselineskip   = 13.6pt
(typearea)              on input line 232.

(C:\Users\snow\Downloads\miketext\tex\latex\booktabs\booktabs.sty
Package: booktabs 2005/04/14 v1.61803 publication quality tables
\heavyrulewidth=\dimen220
\lightrulewidth=\dimen221
\cmidrulewidth=\dimen222
\belowrulesep=\dimen223
\belowbottomsep=\dimen224
\aboverulesep=\dimen225
\abovetopsep=\dimen226
\cmidrulesep=\dimen227
\cmidrulekern=\dimen228
\defaultaddspace=\dimen229
\@cmidla=\count199
\@cmidlb=\count200
\@aboverulesep=\dimen230
\@belowrulesep=\dimen231
\@thisruleclass=\count201
\@lastruleclass=\count202
\@thisrulewidth=\dimen232
)
Package classicthesis Info: Using pdftex/microtype for character spacing.Make s
ure your pdftex is version 1.40 or higher. on input line 303.

(C:\Users\snow\Downloads\miketext\tex\latex\placeins\placeins.sty
Package: placeins 2005/04/18  v 2.2
)

Class scrbook Warning: Usage of package `titlesec' together
(scrbook)              with a KOMA-Script class is not recommended.
(scrbook)              I'd suggest to use the package only
(scrbook)              if you really need it, because it breaks several
(scrbook)              KOMA-Script features, i.e., option `headings' and
(scrbook)              the extended optional argument of the section
(scrbook)              commands .
(scrbook)              Nevertheless, using requested
(scrbook)              package `titlesec' on input line 317.

(C:\Users\snow\Downloads\miketext\tex\latex\titlesec\titlesec.sty
Package: titlesec 2011/12/15 v2.10.0 Sectioning titles
\ttl@box=\box59
\beforetitleunit=\skip74
\aftertitleunit=\skip75
\ttl@plus=\dimen233
Normal \dimen register pool exhausted, switching to extended pool.
\ttl@minus=\dimen256
\ttl@toksa=\toks52
\titlewidth=\dimen257
\titlewidthlast=\dimen258
\titlewidthfirst=\dimen259
)
(C:\Users\snow\Downloads\miketext\tex\latex\koma-script\scrpage2.sty
Package: scrpage2 2013/12/19 v3.12 KOMA-Script package (page head and foot)
LaTeX Info: Redefining \pagemark on input line 174.
)
(C:\Users\snow\Downloads\miketext\tex\latex\tocloft\tocloft.sty
Package: tocloft 2013/05/02 v2.3f parameterised ToC, etc., typesetting
Package tocloft Info: The document has chapter divisions on input line 44.
\cftparskip=\skip76
\cftbeforetoctitleskip=\skip77
\cftaftertoctitleskip=\skip78
\cftbeforepartskip=\skip79
\cftpartnumwidth=\skip80
\cftpartindent=\skip81
\cftbeforechapskip=\skip82
\cftchapindent=\skip83
\cftchapnumwidth=\skip84
\cftbeforesecskip=\skip85
\cftsecindent=\skip86
\cftsecnumwidth=\skip87
\cftbeforesubsecskip=\skip88
\cftsubsecindent=\skip89
\cftsubsecnumwidth=\skip90
\cftbeforesubsubsecskip=\skip91
\cftsubsubsecindent=\skip92
\cftsubsubsecnumwidth=\skip93
\cftbeforeparaskip=\skip94
\cftparaindent=\skip95
\cftparanumwidth=\skip96
\cftbeforesubparaskip=\skip97
\cftsubparaindent=\skip98
\cftsubparanumwidth=\skip99
\cftbeforeloftitleskip=\skip100
\cftafterloftitleskip=\skip101
\cftbeforefigskip=\skip102
\cftfigindent=\skip103
\cftfignumwidth=\skip104
\cftbeforelottitleskip=\skip105
\cftafterlottitleskip=\skip106
\cftbeforetabskip=\skip107
\cfttabindent=\skip108
\cfttabnumwidth=\skip109
\cftbeforesubfigskip=\skip110
\cftsubfigindent=\skip111
\cftsubfignumwidth=\skip112
\cftbeforesubtabskip=\skip113
\cftsubtabindent=\skip114
\cftsubtabnumwidth=\skip115
)
\newnumberwidth=\skip116
\beforebibskip=\skip117
\figurelabelwidth=\skip118
\tablelabelwidth=\skip119

(C:\Users\snow\Downloads\miketext\tex\latex\koma-script\scrtime.sty
Package: scrtime 2011/03/31 v3.08b KOMA-Script package (time of LaTeX run)
))
\abcd=\skip120
Package hyperref Info: Option `colorlinks' set `true' on input line 223.
Package hyperref Info: Option `linktocpage' set `true' on input line 223.
Package hyperref Info: Option `breaklinks' set `true' on input line 223.
Package hyperref Info: Option `pageanchor' set `true' on input line 223.
Package hyperref Info: Option `plainpages' set `false' on input line 223.
Package hyperref Info: Option `bookmarksnumbered' set `true' on input line 223.

Package hyperref Info: Option `bookmarksopen' set `true' on input line 223.
Package hyperref Info: Option `hypertexnames' set `true' on input line 223.


Package babelbib Warning: Command \selectbiblanguage used without package
(babelbib)                option fixlanguage. Ignored on input line 257.

\c@IncluyeCapitulo=\count203
(C:\Users\snow\Dropbox\tesis\tesis2014\git\tesis\tesis.aux
(C:\Users\snow\Dropbox\tesis\tesis2014\git\tesis\FrontBackmatter/SignedTitlepag
e.aux)
(C:\Users\snow\Dropbox\tesis\tesis2014\git\tesis\FrontBackmatter/Titleback.aux)

(C:\Users\snow\Dropbox\tesis\tesis2014\git\tesis\FrontBackmatter/Vistobueno.aux
)
(C:\Users\snow\Dropbox\tesis\tesis2014\git\tesis\FrontBackmatter/Declaration.au
x)
(C:\Users\snow\Dropbox\tesis\tesis2014\git\tesis\FrontBackmatter/Dedication.aux
) (C:\Users\snow\Dropbox\tesis\tesis2014\git\tesis\FrontBackmatter/Abstract.aux
)
(C:\Users\snow\Dropbox\tesis\tesis2014\git\tesis\FrontBackmatter/Acknowledgment
s.aux)
(C:\Users\snow\Dropbox\tesis\tesis2014\git\tesis\FrontBackmatter/Contents.aux)
(C:\Users\snow\Dropbox\tesis\tesis2014\git\tesis\FrontBackmatter/Bibliography.a
ux))
LaTeX Font Info:    Checking defaults for OML/cmm/m/it on input line 369.
LaTeX Font Info:    ... okay on input line 369.
LaTeX Font Info:    Checking defaults for T1/cmr/m/n on input line 369.
LaTeX Font Info:    ... okay on input line 369.
LaTeX Font Info:    Checking defaults for OT1/cmr/m/n on input line 369.
LaTeX Font Info:    ... okay on input line 369.
LaTeX Font Info:    Checking defaults for OMS/cmsy/m/n on input line 369.
LaTeX Font Info:    ... okay on input line 369.
LaTeX Font Info:    Checking defaults for OMX/cmex/m/n on input line 369.
LaTeX Font Info:    ... okay on input line 369.
LaTeX Font Info:    Checking defaults for U/cmr/m/n on input line 369.
LaTeX Font Info:    ... okay on input line 369.
LaTeX Font Info:    Checking defaults for TS1/cmr/m/n on input line 369.
LaTeX Font Info:    Try loading font information for TS1+cmr on input line 369.

 (C:\Users\snow\Downloads\miketext\tex\latex\base\ts1cmr.fd
File: ts1cmr.fd 1999/05/25 v2.5h Standard LaTeX font definitions
)
LaTeX Font Info:    ... okay on input line 369.
LaTeX Font Info:    Checking defaults for PD1/pdf/m/n on input line 369.
LaTeX Font Info:    ... okay on input line 369.
LaTeX Font Info:    Try loading font information for T1+pplj on input line 369.


(C:\Users\snow\Downloads\miketext\tex\latex\psnfss\t1pplj.fd
File: t1pplj.fd 2004/09/06 font definitions for T1/pplj.
)<<t1.cmap>>
(C:\Users\snow\Downloads\miketext\tex\context\base\supp-pdf.mkii
[Loading MPS to PDF converter (version 2006.09.02).]
\scratchcounter=\count204
\scratchdimen=\dimen260
\scratchbox=\box60
\nofMPsegments=\count205
\nofMParguments=\count206
\everyMPshowfont=\toks53
\MPscratchCnt=\count207
\MPscratchDim=\dimen261
\MPnumerator=\count208
\makeMPintoPDFobject=\count209
\everyMPtoPDFconversion=\toks54
)
runsystem(pygmentize -S default -f latex > tesis.pyg)...executed.

 (C:\Users\snow\Dropbox\tesis\tesis2014\git\tesis\tesis.pyg)
babelbib extension \bibsspanish added to \extrasspanish
babelbib extension \btxifchangecaseoff added to \extrasspanish
babelbib: Use citation-dependent languages in bibliography
babelbib: Set bibliography fall-back language to english
(C:\Users\snow\Downloads\miketext\tex\latex\babelbib\english.bdf
File: english.bdf 2012/01/03 v1.31 babelbib: multilingual bibliographies (HH)

babelbib extension \bibsamerican added to \extrasamerican
babelbib extension \bibsenglish added to \extrasenglish
babelbib extension \btxifchangecaseon added to \extrasamerican
babelbib extension \btxifchangecaseon added to \extrasenglish
) (C:\Users\snow\Downloads\miketext\tex\latex\babelbib\german.bdf
File: german.bdf 2012/01/03 v1.31 babelbib: multilingual bibliographies (HH)

babelbib extension \bibsngerman added to \extrasngerman
babelbib extension \btxifchangecaseoff added to \extrasngerman
) (C:\Users\snow\Downloads\miketext\tex\latex\ms\ragged2e.sty
Package: ragged2e 2009/05/21 v2.1 ragged2e Package (MS)

(C:\Users\snow\Downloads\miketext\tex\latex\ms\everysel.sty
Package: everysel 2011/10/28 v1.2 EverySelectfont Package (MS)

ABD: EverySelectfont initializing macros
LaTeX Info: Redefining \selectfont on input line 126.
)
\CenteringLeftskip=\skip121
\RaggedLeftLeftskip=\skip122
\RaggedRightLeftskip=\skip123
\CenteringRightskip=\skip124
\RaggedLeftRightskip=\skip125
\RaggedRightRightskip=\skip126
\CenteringParfillskip=\skip127
\RaggedLeftParfillskip=\skip128
\RaggedRightParfillskip=\skip129
\JustifyingParfillskip=\skip130
\CenteringParindent=\skip131
\RaggedLeftParindent=\skip132
\RaggedRightParindent=\skip133
\JustifyingParindent=\skip134
)
Package caption Info: Begin \AtBeginDocument code.
Package caption Info: subfig package v1.3 is loaded.
Package caption Info: hyperref package is loaded.
Package caption Info: hypcap package is loaded.
Package caption Info: listings package is loaded.
Package caption Info: End \AtBeginDocument code.
\c@minilofdepth=\count210
\c@minilotdepth=\count211
\c@partlofdepth=\count212
\c@partlotdepth=\count213
\c@sectlofdepth=\count214
\c@sectlotdepth=\count215
Package minitoc(hints) Info: I0049
(minitoc(hints))             ==> You requested the hints option. 
(minitoc(hints))             Some hints are eventually given below.
Package minitoc(hints) Info: I0043
(minitoc(hints))             --- The KOMAScript scrbook class is loaded. 
(minitoc(hints))             See the minitoc package documentation 
(minitoc(hints))             for specific precautions.
Package minitoc(hints) Info: I0047
(minitoc(hints))             --- The tocloft package is loaded. 
(minitoc(hints))             See the minitoc package documentation 
(minitoc(hints))             for specific precautions.


Package minitoc(hints) Warning: W0099
(minitoc(hints))                --- The titlesec package is loaded. 
(minitoc(hints))                It is incompatible 
(minitoc(hints))                with the minitoc package.


Package minitoc(hints) Warning: W0030
(minitoc(hints))                --- The \part command is altered 
(minitoc(hints))                after minitoc.


Package minitoc(hints) Warning: W0023
(minitoc(hints))                --- It may be the consequence 
(minitoc(hints))                of loading the ``hyperref'' package.


Package minitoc(hints) Warning: W0028
(minitoc(hints))                --- The \chapter command is altered 
(minitoc(hints))                after minitoc.


Package minitoc(hints) Warning: W0023
(minitoc(hints))                --- It may be the consequence 
(minitoc(hints))                of loading the ``hyperref'' package.

ABD: EveryShipout initializing macros

Package pgfplots Warning: running in backwards compatibility mode (unsuitable t
ick labels; missing features). Consider writing \pgfplotsset{compat=1.11} into 
your preamble.
 on input line 369.

\c@lstlisting=\count216
\AtBeginShipoutBox=\box61
Package backref Info: ** backref set up for natbib ** on input line 369.
Package hyperref Info: Link coloring ON on input line 369.
(C:\Users\snow\Downloads\miketext\tex\latex\hyperref\nameref.sty
Package: nameref 2012/10/27 v2.43 Cross-referencing by name of section

(C:\Users\snow\Downloads\miketext\tex\generic\oberdiek\gettitlestring.sty
Package: gettitlestring 2010/12/03 v1.4 Cleanup title references (HO)
)
\c@section@level=\count217
)
LaTeX Info: Redefining \ref on input line 369.
LaTeX Info: Redefining \pageref on input line 369.
LaTeX Info: Redefining \nameref on input line 369.

(C:\Users\snow\Dropbox\tesis\tesis2014\git\tesis\tesis.out)
(C:\Users\snow\Dropbox\tesis\tesis2014\git\tesis\tesis.out)
\@outlinefile=\write8
LaTeX Info: Redefining \microtypecontext on input line 369.
Package microtype Info: Generating PDF output.
Package microtype Info: Character protrusion enabled (level 2).
Package microtype Info: Using default protrusion set `alltext'.
Package microtype Info: No font expansion.
Package microtype Info: No adjustment of tracking.
Package microtype Info: No adjustment of interword spacing.
Package microtype Info: No adjustment of character kerning.

(C:\Users\snow\Downloads\miketext\tex\latex\microtype\mt-ppl.cfg
File: mt-ppl.cfg 2005/11/16 v1.6 microtype config. file: Palatino (RS)
)
babelbib: Add a command to \bibsspanish

(C:\Users\snow\Dropbox\tesis\tesis2014\git\tesis\FrontBackmatter/SignedTitlepag
e.tex <gfx/ugr_formal.jpg, id=57, 698.61pt x 349.305pt>
File: gfx/ugr_formal.jpg Graphic file (type jpg)

<use gfx/ugr_formal.jpg>
Package pdftex.def Info: gfx/ugr_formal.jpg used on input line 8.
(pdftex.def)             Requested size: 227.62204pt x 113.8106pt.
 [1


Non-PDF special ignored!
Non-PDF special ignored!



{C:/Users/snow/Downloads/miketext/pdftex/config/pdftex.map} <C:/Users/snow/Drop
box/tesis/tesis2014/git/tesis/gfx/ugr_formal.jpg>])
(C:\Users\snow\Dropbox\tesis\tesis2014\git\tesis\FrontBackmatter/Titleback.tex
LaTeX Font Info:    Try loading font information for TS1+pplj on input line 8.

(C:\Users\snow\Downloads\miketext\tex\latex\psnfss\ts1pplj.fd
File: ts1pplj.fd 2004/09/06 font definitions for TS1/pplj.
)
Overfull \hbox (9.9785pt too wide) in paragraph at lines 7--9
\T1/pplj/m/n/10.95 ative Com-mons Attribution-NonCommercial-NoDerivs 3.0 Li-cen
se
 []

) [2


]
(C:\Users\snow\Dropbox\tesis\tesis2014\git\tesis\FrontBackmatter/Vistobueno.tex
LaTeX Font Info:    Try loading font information for T1+pbk on input line 6.
(C:\Users\snow\Downloads\miketext\tex\latex\psnfss\t1pbk.fd
File: t1pbk.fd 2001/06/04 font definitions for T1/pbk.
)
LaTeX Font Info:    Font shape `T1/pbk/m/n' in size <10.95> not available
(Font)              Font shape `T1/pbk/l/n' tried instead on input line 6.
Package microtype Info: Loading generic settings for font family
(microtype)             `pbk' (encoding: T1).
(microtype)             For optimal results, create family-specific settings.
(microtype)             See the microtype manual for details.
LaTeX Font Info:    Font shape `T1/pplj/bx/n' in size <10.95> not available
(Font)              Font shape `T1/pplj/b/n' tried instead on input line 14.
Package microtype Info: Character `029' is missing
(microtype)             in font `T1/pplj/m/sc/10.95'.
(microtype)             Ignoring protrusion settings for this character.
LaTeX Font Info:    Font shape `T1/pplj/bx/it' in size <10.95> not available
(Font)              Font shape `T1/pplj/b/it' tried instead on input line 24.
) [3






] [4



]
(C:\Users\snow\Dropbox\tesis\tesis2014\git\tesis\FrontBackmatter/Declaration.te
xpdfTeX warning (ext4): destination with the same identifier (name{declaration.
0}) has been already used, duplicate ignored
<to be read again> 
                   \relax 
l.5 \pdfbookmark[0]{Declaration}{declaration}
                                             
LaTeX Font Info:    Try loading font information for U+zeur on input line 23.

(C:\Users\snow\Downloads\miketext\tex\latex\eulervm\uzeur.fd
File: uzeur.fd 2005/01/11 v4.0 (WaS)
)
(C:\Users\snow\Downloads\miketext\tex\latex\microtype\mt-eur.cfg
File: mt-eur.cfg 2006/07/31 v1.1 microtype config. file: AMS Euler Roman (RS)
)
LaTeX Font Info:    Try loading font information for U+zeus on input line 23.

(C:\Users\snow\Downloads\miketext\tex\latex\eulervm\uzeus.fd
File: uzeus.fd 2005/01/11 v4.0 (WaS)
)
(C:\Users\snow\Downloads\miketext\tex\latex\microtype\mt-eus.cfg
File: mt-eus.cfg 2006/07/28 v1.2 microtype config. file: AMS Euler Script (RS)
)
LaTeX Font Info:    Try loading font information for U+zeuex on input line 23.

(C:\Users\snow\Downloads\miketext\tex\latex\eulervm\uzeuex.fd
File: uzeuex.fd 2005/01/11 v4.0 (WaS)
)
LaTeX Font Info:    Try loading font information for U+lasy on input line 23.

(C:\Users\snow\Downloads\miketext\tex\latex\base\ulasy.fd
File: ulasy.fd 1998/08/17 v2.2e LaTeX symbol font definitions
)
(C:\Users\snow\Downloads\miketext\tex\latex\microtype\mt-msa.cfg
File: mt-msa.cfg 2006/02/04 v1.1 microtype config. file: AMS symbols (a) (RS)
)
(C:\Users\snow\Downloads\miketext\tex\latex\microtype\mt-msb.cfg
File: mt-msb.cfg 2005/06/01 v1.0 microtype config. file: AMS symbols (b) (RS)
)
LaTeX Font Info:    Try loading font information for OT1+zplm on input line 23.


(C:\Users\snow\Downloads\miketext\tex\latex\psnfss\ot1zplm.fd
File: ot1zplm.fd 2002/09/08 Fontinst v1.914 font definitions for OT1/zplm.
)<<ot1.cmap>>
Package microtype Info: Loading generic settings for font family
(microtype)             `zplm' (encoding: OT1).
(microtype)             For optimal results, create family-specific settings.
(microtype)             See the microtype manual for details.
)
[5



] [6



]
(C:\Users\snow\Dropbox\tesis\tesis2014\git\tesis\FrontBackmatter/Dedication.tex
) [7

] [8



]
(C:\Users\snow\Dropbox\tesis\tesis2014\git\tesis\FrontBackmatter/Abstract.tex)
[9

pdfTeX warning (ext4): destination with the same identifier (name{Abstract.1}) 
has been already used, duplicate ignored

\GPT@@shipout ...Torg@shipout \box \GPT@outputbox 
                                                  \relax \fi 
l.444 }
       ] [10



]
(C:\Users\snow\Dropbox\tesis\tesis2014\git\tesis\FrontBackmatter/Acknowledgment
s.tex) [11



] [12



]
(C:\Users\snow\Dropbox\tesis\tesis2014\git\tesis\FrontBackmatter/Contents.tex
Package minitoc Info: I0024
(minitoc)             PREPARING MINITOCS FROM tesis.toc on input line 9.
Package minitoc Info: I0033
(minitoc)             Writing tesis.mtc1.
Package tocbasic Info: character protrusion at toc deactivated on input line 9.


(C:\Users\snow\Dropbox\tesis\tesis2014\git\tesis\tesis.toc)
\tf@toc=\write9
 [13



]
Package tocbasic Info: character protrusion at lof deactivated on input line 33
.

(C:\Users\snow\Dropbox\tesis\tesis2014\git\tesis\tesis.lof)
\tf@lof=\write10
Package tocbasic Info: character protrusion at lot deactivated on input line 44
.

(C:\Users\snow\Dropbox\tesis\tesis2014\git\tesis\tesis.lot
Overfull \hbox (16.7022pt too wide) in paragraph at lines 4--4
 [][] []\T1/pplj/m/n/10.95 Evolving two-dimensional fuzzy sys-tems []  
 []

)
\tf@lot=\write11
LaTeX Font Info:    Try loading font information for T1+cmss on input line 65.
 (C:\Users\snow\Downloads\miketext\tex\latex\base\t1cmss.fd
File: t1cmss.fd 1999/05/25 v2.5h Standard LaTeX font definitions
)
Package microtype Info: Loading generic settings for font family
(microtype)             `cmss' (encoding: T1).
(microtype)             For optimal results, create family-specific settings.
(microtype)             See the microtype manual for details.
 [14

] [15]
[16


]) [1



] [2] <pdf/evolving.pdf, id=187, 546.04pt x 744.7825pt>
File: pdf/evolving.pdf Graphic file (type pdf)

<use pdf/evolving.pdf>
Package pdftex.def Info: pdf/evolving.pdf used on input line 498.
(pdftex.def)             Requested size: 546.03867pt x 744.78069pt.
File: pdf/evolving.pdf Graphic file (type pdf)
 <use pdf/evolving.pdf>
Package pdftex.def Info: pdf/evolving.pdf used on input line 498.
(pdftex.def)             Requested size: 546.03867pt x 744.78069pt.

<pdf/evolving.pdf, id=190, page=1, 546.04pt x 744.7825pt>
File: pdf/evolving.pdf Graphic file (type pdf)

<use pdf/evolving.pdf, page 1>
Package pdftex.def Info: pdf/evolving.pdf, page1 used on input line 498.
(pdftex.def)             Requested size: 546.03867pt x 744.78069pt.
File: pdf/evolving.pdf Graphic file (type pdf)
 <use pdf/evolving.pdf, page 1>
Package pdftex.def Info: pdf/evolving.pdf, page1 used on input line 498.
(pdftex.def)             Requested size: 491.43146pt x 670.29807pt.
File: pdf/evolving.pdf Graphic file (type pdf)

<use pdf/evolving.pdf, page 1>
Package pdftex.def Info: pdf/evolving.pdf, page1 used on input line 498.
(pdftex.def)             Requested size: 491.43146pt x 670.29807pt.
File: pdf/evolving.pdf Graphic file (type pdf)
 <use pdf/evolving.pdf, page 1>
Package pdftex.def Info: pdf/evolving.pdf, page1 used on input line 498.
(pdftex.def)             Requested size: 491.43146pt x 670.29807pt.
File: pdf/evolving.pdf Graphic file (type pdf)

<use pdf/evolving.pdf, page 1>
Package pdftex.def Info: pdf/evolving.pdf, page1 used on input line 498.
(pdftex.def)             Requested size: 491.43146pt x 670.29807pt.
 [3 <C:/Users/snow/Dropbox/tesis/tesis2014/git/tesis/pdf/evolving.pdf>]
<pdf/evolving.pdf, id=237, page=2, 546.04pt x 744.7825pt>
File: pdf/evolving.pdf Graphic file (type pdf)

<use pdf/evolving.pdf, page 2>
Package pdftex.def Info: pdf/evolving.pdf, page2 used on input line 498.
(pdftex.def)             Requested size: 491.43146pt x 670.29807pt.
File: pdf/evolving.pdf Graphic file (type pdf)
 <use pdf/evolving.pdf, page 2>
Package pdftex.def Info: pdf/evolving.pdf, page2 used on input line 498.
(pdftex.def)             Requested size: 491.43146pt x 670.29807pt.
File: pdf/evolving.pdf Graphic file (type pdf)

<use pdf/evolving.pdf, page 2>
Package pdftex.def Info: pdf/evolving.pdf, page2 used on input line 498.
(pdftex.def)             Requested size: 491.43146pt x 670.29807pt.
 [4 <C:/Users/snow/Dropbox/tesis/tesis2014/git/tesis/pdf/evolving.pdf>]
<pdf/evolving.pdf, id=242, page=3, 546.04pt x 744.7825pt>
File: pdf/evolving.pdf Graphic file (type pdf)

<use pdf/evolving.pdf, page 3>
Package pdftex.def Info: pdf/evolving.pdf, page3 used on input line 498.
(pdftex.def)             Requested size: 491.43146pt x 670.29807pt.
File: pdf/evolving.pdf Graphic file (type pdf)
 <use pdf/evolving.pdf, page 3>
Package pdftex.def Info: pdf/evolving.pdf, page3 used on input line 498.
(pdftex.def)             Requested size: 491.43146pt x 670.29807pt.
File: pdf/evolving.pdf Graphic file (type pdf)

<use pdf/evolving.pdf, page 3>
Package pdftex.def Info: pdf/evolving.pdf, page3 used on input line 498.
(pdftex.def)             Requested size: 491.43146pt x 670.29807pt.
 [5 <C:/Users/snow/Dropbox/tesis/tesis2014/git/tesis/pdf/evolving.pdf>]
<pdf/evolving.pdf, id=247, page=4, 546.04pt x 744.7825pt>
File: pdf/evolving.pdf Graphic file (type pdf)

<use pdf/evolving.pdf, page 4>
Package pdftex.def Info: pdf/evolving.pdf, page4 used on input line 498.
(pdftex.def)             Requested size: 491.43146pt x 670.29807pt.
File: pdf/evolving.pdf Graphic file (type pdf)
 <use pdf/evolving.pdf, page 4>
Package pdftex.def Info: pdf/evolving.pdf, page4 used on input line 498.
(pdftex.def)             Requested size: 491.43146pt x 670.29807pt.
File: pdf/evolving.pdf Graphic file (type pdf)

<use pdf/evolving.pdf, page 4>
Package pdftex.def Info: pdf/evolving.pdf, page4 used on input line 498.
(pdftex.def)             Requested size: 491.43146pt x 670.29807pt.
 [6 <C:/Users/snow/Dropbox/tesis/tesis2014/git/tesis/pdf/evolving.pdf>]
<pdf/evolving.pdf, id=261, page=5, 546.04pt x 744.7825pt>
File: pdf/evolving.pdf Graphic file (type pdf)

<use pdf/evolving.pdf, page 5>
Package pdftex.def Info: pdf/evolving.pdf, page5 used on input line 498.
(pdftex.def)             Requested size: 491.43146pt x 670.29807pt.
File: pdf/evolving.pdf Graphic file (type pdf)
 <use pdf/evolving.pdf, page 5>
Package pdftex.def Info: pdf/evolving.pdf, page5 used on input line 498.
(pdftex.def)             Requested size: 491.43146pt x 670.29807pt.
File: pdf/evolving.pdf Graphic file (type pdf)

<use pdf/evolving.pdf, page 5>
Package pdftex.def Info: pdf/evolving.pdf, page5 used on input line 498.
(pdftex.def)             Requested size: 491.43146pt x 670.29807pt.
 [7 <C:/Users/snow/Dropbox/tesis/tesis2014/git/tesis/pdf/evolving.pdf>]
<pdf/evolving.pdf, id=272, page=6, 546.04pt x 744.7825pt>
File: pdf/evolving.pdf Graphic file (type pdf)

<use pdf/evolving.pdf, page 6>
Package pdftex.def Info: pdf/evolving.pdf, page6 used on input line 498.
(pdftex.def)             Requested size: 491.43146pt x 670.29807pt.
File: pdf/evolving.pdf Graphic file (type pdf)
 <use pdf/evolving.pdf, page 6>
Package pdftex.def Info: pdf/evolving.pdf, page6 used on input line 498.
(pdftex.def)             Requested size: 491.43146pt x 670.29807pt.
File: pdf/evolving.pdf Graphic file (type pdf)

<use pdf/evolving.pdf, page 6>
Package pdftex.def Info: pdf/evolving.pdf, page6 used on input line 498.
(pdftex.def)             Requested size: 491.43146pt x 670.29807pt.
 [8 <C:/Users/snow/Dropbox/tesis/tesis2014/git/tesis/pdf/evolving.pdf>]
<pdf/evolving.pdf, id=277, page=7, 546.04pt x 744.7825pt>
File: pdf/evolving.pdf Graphic file (type pdf)

<use pdf/evolving.pdf, page 7>
Package pdftex.def Info: pdf/evolving.pdf, page7 used on input line 498.
(pdftex.def)             Requested size: 491.43146pt x 670.29807pt.
File: pdf/evolving.pdf Graphic file (type pdf)
 <use pdf/evolving.pdf, page 7>
Package pdftex.def Info: pdf/evolving.pdf, page7 used on input line 498.
(pdftex.def)             Requested size: 491.43146pt x 670.29807pt.
File: pdf/evolving.pdf Graphic file (type pdf)

<use pdf/evolving.pdf, page 7>
Package pdftex.def Info: pdf/evolving.pdf, page7 used on input line 498.
(pdftex.def)             Requested size: 491.43146pt x 670.29807pt.
 [9 <C:/Users/snow/Dropbox/tesis/tesis2014/git/tesis/pdf/evolving.pdf>]
<pdf/evolving.pdf, id=286, page=8, 546.04pt x 744.7825pt>
File: pdf/evolving.pdf Graphic file (type pdf)

<use pdf/evolving.pdf, page 8>
Package pdftex.def Info: pdf/evolving.pdf, page8 used on input line 498.
(pdftex.def)             Requested size: 491.43146pt x 670.29807pt.
File: pdf/evolving.pdf Graphic file (type pdf)
 <use pdf/evolving.pdf, page 8>
Package pdftex.def Info: pdf/evolving.pdf, page8 used on input line 498.
(pdftex.def)             Requested size: 491.43146pt x 670.29807pt.
File: pdf/evolving.pdf Graphic file (type pdf)

<use pdf/evolving.pdf, page 8>
Package pdftex.def Info: pdf/evolving.pdf, page8 used on input line 498.
(pdftex.def)             Requested size: 491.43146pt x 670.29807pt.
 [10 <C:/Users/snow/Dropbox/tesis/tesis2014/git/tesis/pdf/evolving.pdf>]
<pdf/evolving.pdf, id=293, page=9, 546.04pt x 744.7825pt>
File: pdf/evolving.pdf Graphic file (type pdf)

<use pdf/evolving.pdf, page 9>
Package pdftex.def Info: pdf/evolving.pdf, page9 used on input line 498.
(pdftex.def)             Requested size: 491.43146pt x 670.29807pt.
File: pdf/evolving.pdf Graphic file (type pdf)
 <use pdf/evolving.pdf, page 9>
Package pdftex.def Info: pdf/evolving.pdf, page9 used on input line 498.
(pdftex.def)             Requested size: 491.43146pt x 670.29807pt.
File: pdf/evolving.pdf Graphic file (type pdf)

<use pdf/evolving.pdf, page 9>
Package pdftex.def Info: pdf/evolving.pdf, page9 used on input line 498.
(pdftex.def)             Requested size: 491.43146pt x 670.29807pt.
 [11 <C:/Users/snow/Dropbox/tesis/tesis2014/git/tesis/pdf/evolving.pdf>]
<pdf/evolving.pdf, id=299, page=10, 546.04pt x 744.7825pt>
File: pdf/evolving.pdf Graphic file (type pdf)

<use pdf/evolving.pdf, page 10>
Package pdftex.def Info: pdf/evolving.pdf, page10 used on input line 498.
(pdftex.def)             Requested size: 491.43146pt x 670.29807pt.
File: pdf/evolving.pdf Graphic file (type pdf)
 <use pdf/evolving.pdf, page 10>
Package pdftex.def Info: pdf/evolving.pdf, page10 used on input line 498.
(pdftex.def)             Requested size: 491.43146pt x 670.29807pt.
File: pdf/evolving.pdf Graphic file (type pdf)

<use pdf/evolving.pdf, page 10>
Package pdftex.def Info: pdf/evolving.pdf, page10 used on input line 498.
(pdftex.def)             Requested size: 491.43146pt x 670.29807pt.
 [12 <C:/Users/snow/Dropbox/tesis/tesis2014/git/tesis/pdf/evolving.pdf>]
<pdf/evolving.pdf, id=305, page=11, 546.04pt x 744.7825pt>
File: pdf/evolving.pdf Graphic file (type pdf)

<use pdf/evolving.pdf, page 11>
Package pdftex.def Info: pdf/evolving.pdf, page11 used on input line 498.
(pdftex.def)             Requested size: 491.43146pt x 670.29807pt.
File: pdf/evolving.pdf Graphic file (type pdf)
 <use pdf/evolving.pdf, page 11>
Package pdftex.def Info: pdf/evolving.pdf, page11 used on input line 498.
(pdftex.def)             Requested size: 491.43146pt x 670.29807pt.
File: pdf/evolving.pdf Graphic file (type pdf)

<use pdf/evolving.pdf, page 11>
Package pdftex.def Info: pdf/evolving.pdf, page11 used on input line 498.
(pdftex.def)             Requested size: 491.43146pt x 670.29807pt.
 [13 <C:/Users/snow/Dropbox/tesis/tesis2014/git/tesis/pdf/evolving.pdf>]
<pdf/evolving.pdf, id=314, page=12, 546.04pt x 744.7825pt>
File: pdf/evolving.pdf Graphic file (type pdf)

<use pdf/evolving.pdf, page 12>
Package pdftex.def Info: pdf/evolving.pdf, page12 used on input line 498.
(pdftex.def)             Requested size: 491.43146pt x 670.29807pt.
File: pdf/evolving.pdf Graphic file (type pdf)
 <use pdf/evolving.pdf, page 12>
Package pdftex.def Info: pdf/evolving.pdf, page12 used on input line 498.
(pdftex.def)             Requested size: 491.43146pt x 670.29807pt.
File: pdf/evolving.pdf Graphic file (type pdf)

<use pdf/evolving.pdf, page 12>
Package pdftex.def Info: pdf/evolving.pdf, page12 used on input line 498.
(pdftex.def)             Requested size: 491.43146pt x 670.29807pt.
 [14 <C:/Users/snow/Dropbox/tesis/tesis2014/git/tesis/pdf/evolving.pdf>]
<pdf/evolving.pdf, id=320, page=13, 546.04pt x 744.7825pt>
File: pdf/evolving.pdf Graphic file (type pdf)

<use pdf/evolving.pdf, page 13>
Package pdftex.def Info: pdf/evolving.pdf, page13 used on input line 498.
(pdftex.def)             Requested size: 491.43146pt x 670.29807pt.
File: pdf/evolving.pdf Graphic file (type pdf)
 <use pdf/evolving.pdf, page 13>
Package pdftex.def Info: pdf/evolving.pdf, page13 used on input line 498.
(pdftex.def)             Requested size: 491.43146pt x 670.29807pt.
File: pdf/evolving.pdf Graphic file (type pdf)

<use pdf/evolving.pdf, page 13>
Package pdftex.def Info: pdf/evolving.pdf, page13 used on input line 498.
(pdftex.def)             Requested size: 491.43146pt x 670.29807pt.
 [15 <C:/Users/snow/Dropbox/tesis/tesis2014/git/tesis/pdf/evolving.pdf>]
<pdf/evolving.pdf, id=326, page=14, 546.04pt x 744.7825pt>
File: pdf/evolving.pdf Graphic file (type pdf)

<use pdf/evolving.pdf, page 14>
Package pdftex.def Info: pdf/evolving.pdf, page14 used on input line 498.
(pdftex.def)             Requested size: 491.43146pt x 670.29807pt.
File: pdf/evolving.pdf Graphic file (type pdf)
 <use pdf/evolving.pdf, page 14>
Package pdftex.def Info: pdf/evolving.pdf, page14 used on input line 498.
(pdftex.def)             Requested size: 491.43146pt x 670.29807pt.
File: pdf/evolving.pdf Graphic file (type pdf)

<use pdf/evolving.pdf, page 14>
Package pdftex.def Info: pdf/evolving.pdf, page14 used on input line 498.
(pdftex.def)             Requested size: 491.43146pt x 670.29807pt.
 [16 <C:/Users/snow/Dropbox/tesis/tesis2014/git/tesis/pdf/evolving.pdf>]
<pdf/evolving.pdf, id=331, page=15, 546.04pt x 744.7825pt>
File: pdf/evolving.pdf Graphic file (type pdf)

<use pdf/evolving.pdf, page 15>
Package pdftex.def Info: pdf/evolving.pdf, page15 used on input line 498.
(pdftex.def)             Requested size: 491.43146pt x 670.29807pt.
File: pdf/evolving.pdf Graphic file (type pdf)
 <use pdf/evolving.pdf, page 15>
Package pdftex.def Info: pdf/evolving.pdf, page15 used on input line 498.
(pdftex.def)             Requested size: 491.43146pt x 670.29807pt.
File: pdf/evolving.pdf Graphic file (type pdf)

<use pdf/evolving.pdf, page 15>
Package pdftex.def Info: pdf/evolving.pdf, page15 used on input line 498.
(pdftex.def)             Requested size: 491.43146pt x 670.29807pt.
 [17 <C:/Users/snow/Dropbox/tesis/tesis2014/git/tesis/pdf/evolving.pdf>]
<pdf/evolving.pdf, id=336, page=16, 546.04pt x 744.7825pt>
File: pdf/evolving.pdf Graphic file (type pdf)

<use pdf/evolving.pdf, page 16>
Package pdftex.def Info: pdf/evolving.pdf, page16 used on input line 498.
(pdftex.def)             Requested size: 491.43146pt x 670.29807pt.
File: pdf/evolving.pdf Graphic file (type pdf)
 <use pdf/evolving.pdf, page 16>
Package pdftex.def Info: pdf/evolving.pdf, page16 used on input line 498.
(pdftex.def)             Requested size: 491.43146pt x 670.29807pt.
File: pdf/evolving.pdf Graphic file (type pdf)

<use pdf/evolving.pdf, page 16>
Package pdftex.def Info: pdf/evolving.pdf, page16 used on input line 498.
(pdftex.def)             Requested size: 491.43146pt x 670.29807pt.
 [18 <C:/Users/snow/Dropbox/tesis/tesis2014/git/tesis/pdf/evolving.pdf>]
<pdf/evolving.pdf, id=341, page=17, 546.04pt x 744.7825pt>
File: pdf/evolving.pdf Graphic file (type pdf)

<use pdf/evolving.pdf, page 17>
Package pdftex.def Info: pdf/evolving.pdf, page17 used on input line 498.
(pdftex.def)             Requested size: 491.43146pt x 670.29807pt.
File: pdf/evolving.pdf Graphic file (type pdf)
 <use pdf/evolving.pdf, page 17>
Package pdftex.def Info: pdf/evolving.pdf, page17 used on input line 498.
(pdftex.def)             Requested size: 491.43146pt x 670.29807pt.
File: pdf/evolving.pdf Graphic file (type pdf)

<use pdf/evolving.pdf, page 17>
Package pdftex.def Info: pdf/evolving.pdf, page17 used on input line 498.
(pdftex.def)             Requested size: 491.43146pt x 670.29807pt.
 [19 <C:/Users/snow/Dropbox/tesis/tesis2014/git/tesis/pdf/evolving.pdf>]
<pdf/evolving.pdf, id=346, page=18, 546.04pt x 744.7825pt>
File: pdf/evolving.pdf Graphic file (type pdf)

<use pdf/evolving.pdf, page 18>
Package pdftex.def Info: pdf/evolving.pdf, page18 used on input line 498.
(pdftex.def)             Requested size: 491.43146pt x 670.29807pt.
File: pdf/evolving.pdf Graphic file (type pdf)
 <use pdf/evolving.pdf, page 18>
Package pdftex.def Info: pdf/evolving.pdf, page18 used on input line 498.
(pdftex.def)             Requested size: 491.43146pt x 670.29807pt.
File: pdf/evolving.pdf Graphic file (type pdf)

<use pdf/evolving.pdf, page 18>
Package pdftex.def Info: pdf/evolving.pdf, page18 used on input line 498.
(pdftex.def)             Requested size: 491.43146pt x 670.29807pt.
 [20 <C:/Users/snow/Dropbox/tesis/tesis2014/git/tesis/pdf/evolving.pdf>] [21


] [22]
(C:\Users\snow\Dropbox\tesis\tesis2014\git\tesis\FrontBackmatter/Bibliography.t
ex (C:\Users\snow\Dropbox\tesis\tesis2014\git\tesis\tesis.bbl
(C:\Users\snow\Dropbox\tesis\tesis2014\git\tesis\tesis.brf)
\tf@brf=\write12

babelbib: Using the BibTeX style's default font for `name'.
babelbib: Using the BibTeX style's default font for `lastname'.
babelbib: Using the BibTeX style's default font for `title'.
babelbib: Using the BibTeX style's default font for `jtitle'.
babelbib: Using the BibTeX style's default font for `etal'.
babelbib: Using the BibTeX style's default font for `journal'.
babelbib: Using the BibTeX style's default font for `volume'.
babelbib: Using the BibTeX style's default font for `ISBN'.
babelbib: Using the BibTeX style's default font for `ISSN'.
babelbib: Using the BibTeX style's default font for `url'.
babelbib: Using the BibTeX style's default font for `numeral'.

Package natbib Warning: Empty `thebibliography' environment on input line 15.

)) [23





] [24



]
Package minitoc Info: I0009
(minitoc)             Listing minitoc auxiliary files. 
(minitoc)             Creating the tesis.maf file.


Package minitoc(hints) Warning: W0078
(minitoc(hints))                You have used \dominitoc, 
(minitoc(hints))                but not \minitoc.

Package minitoc(hints) Info: I0053
(minitoc(hints))             You have loaded the float package; 
(minitoc(hints))             please be aware that the minitoc package 
(minitoc(hints))             facilities can not be used for new types 
(minitoc(hints))             of floats defined by the float package.

Package minitoc(hints) Warning: W0024
(minitoc(hints))                Some hints have been written 
(minitoc(hints))                in the tesis.log file.

[25]
Package atveryend Info: Empty hook `BeforeClearDocument' on input line 541.
Package atveryend Info: Empty hook `AfterLastShipout' on input line 541.
 (C:\Users\snow\Dropbox\tesis\tesis2014\git\tesis\tesis.aux
(C:\Users\snow\Dropbox\tesis\tesis2014\git\tesis\FrontBackmatter/SignedTitlepag
e.aux)
(C:\Users\snow\Dropbox\tesis\tesis2014\git\tesis\FrontBackmatter/Titleback.aux)

(C:\Users\snow\Dropbox\tesis\tesis2014\git\tesis\FrontBackmatter/Vistobueno.aux
)
(C:\Users\snow\Dropbox\tesis\tesis2014\git\tesis\FrontBackmatter/Declaration.au
x)
(C:\Users\snow\Dropbox\tesis\tesis2014\git\tesis\FrontBackmatter/Dedication.aux
) (C:\Users\snow\Dropbox\tesis\tesis2014\git\tesis\FrontBackmatter/Abstract.aux
)
(C:\Users\snow\Dropbox\tesis\tesis2014\git\tesis\FrontBackmatter/Acknowledgment
s.aux)
(C:\Users\snow\Dropbox\tesis\tesis2014\git\tesis\FrontBackmatter/Contents.aux)
(C:\Users\snow\Dropbox\tesis\tesis2014\git\tesis\FrontBackmatter/Bibliography.a
ux))
Package atveryend Info: Executing hook `AtVeryEndDocument' on input line 541.
Package atveryend Info: Executing hook `AtEndAfterFileList' on input line 541.
Package rerunfilecheck Info: File `tesis.out' has not changed.
(rerunfilecheck)             Checksum: DDB67CE849D2A18EE5D6E22CF175C862;736.
Package rerunfilecheck Info: File `tesis.brf' has not changed.
(rerunfilecheck)             Checksum: D41D8CD98F00B204E9800998ECF8427E;0.
Package atveryend Info: Empty hook `AtVeryVeryEnd' on input line 541.
 ) 
Here is how much of TeX's memory you used:
 39374 strings out of 493921
 826127 string characters out of 3145304
 1099567 words of memory out of 3000000
 41394 multiletter control sequences out of 15000+200000
 73156 words of font info for 100 fonts, out of 3000000 for 9000
 841 hyphenation exceptions out of 8191
 73i,19n,80p,772b,654s stack positions out of 5000i,500n,10000p,200000b,50000s
pdfTeX warning (dest): name{table.0.1} has been referenced but does not exist
, replaced by a fixed one

{C:/Users/snow/Downloads/miketext/fonts/enc/dvips/fontname/8r.enc}<C:/Users/sno
w/Downloads/miketext/fonts/type1/public/amsfonts/cm/cmex10.pfb><C:/Users/snow/D
ownloads/miketext/fonts/type1/public/amsfonts/cm/cmss10.pfb><C:/Users/snow/Down
loads/miketext/fonts/type1/public/amsfonts/cm/cmsy10.pfb><C:/Users/snow/Downloa
ds/miketext/fonts/type1/public/amsfonts/cm/cmsy6.pfb><C:/Users/snow/Downloads/m
iketext/fonts/type1/public/amsfonts/cm/cmsy9.pfb><C:/Users/snow/Downloads/miket
ext/fonts/type1/public/fpl/fplrc8a.pfb><C:/Users/snow/Downloads/miketext/fonts/
type1/public/fpl/fplrij8a.pfb><C:/Users/snow/Downloads/miketext/fonts/type1/urw
/palatino/uplb8a.pfb><C:/Users/snow/Downloads/miketext/fonts/type1/urw/palatino
/uplbi8a.pfb><C:/Users/snow/Downloads/miketext/fonts/type1/urw/palatino/uplr8a.
pfb><C:/Users/snow/Downloads/miketext/fonts/type1/urw/palatino/uplri8a.pfb>
Output written on tesis.pdf (41 pages, 714820 bytes).
PDF statistics:
 424 PDF objects out of 1000 (max. 8388607)
 97 named destinations out of 1000 (max. 500000)
 14059 words of extra memory for PDF output out of 14400 (max. 10000000)

